
*** Running vivado
    with args -log top_system.vds -m64 -product Vivado -mode batch -messageDb vivado.pb -notrace -source top_system.tcl



****** Vivado v2024.1 (64-bit)
  **** SW Build 5076996 on Wed May 22 18:37:14 MDT 2024
  **** IP Build 5075265 on Wed May 22 21:45:21 MDT 2024
  **** SharedData Build 5076995 on Wed May 22 18:29:18 MDT 2024
  **** Start of session at: Tue Nov 18 19:06:26 2025
    ** Copyright 1986-2022 Xilinx, Inc. All Rights Reserved.
    ** Copyright 2022-2024 Advanced Micro Devices, Inc. All Rights Reserved.

source top_system.tcl -notrace
create_project: Time (s): cpu = 00:00:22 ; elapsed = 00:00:26 . Memory (MB): peak = 570.055 ; gain = 239.859
Command: read_checkpoint -auto_incremental -incremental C:/Facultate/Anul3/SSC/Proiect/rear_and_avoidance/rear_and_avoidance.srcs/utils_1/imports/synth_1/top_system.dcp
INFO: [Vivado 12-5825] Read reference checkpoint from C:/Facultate/Anul3/SSC/Proiect/rear_and_avoidance/rear_and_avoidance.srcs/utils_1/imports/synth_1/top_system.dcp for incremental synthesis
INFO: [Vivado 12-7989] Please ensure there are no constraint changes
Command: synth_design -top top_system__Behavioral -part xc7z020clg400-1
Starting synth_design
Attempting to get a license for feature 'Synthesis' and/or device 'xc7z020'
INFO: [Common 17-349] Got license for feature 'Synthesis' and/or device 'xc7z020'
INFO: [Device 21-403] Loading part xc7z020clg400-1
INFO: [Device 21-9227] Part: xc7z020clg400-1 does not have CEAM library.
INFO: [Synth 8-7079] Multithreading enabled for synth_design using a maximum of 2 processes.
INFO: [Synth 8-7078] Launching helper process for spawning children vivado processes
INFO: [Synth 8-7075] Helper process launched with PID 20864
---------------------------------------------------------------------------------
Starting RTL Elaboration : Time (s): cpu = 00:00:12 ; elapsed = 00:00:14 . Memory (MB): peak = 1448.473 ; gain = 445.645
---------------------------------------------------------------------------------
INFO: [Synth 8-638] synthesizing module 'top_system' [C:/Facultate/Anul3/SSC/Proiect/rear_and_avoidance/rear_and_avoidance.srcs/sources_1/new/top.vhd:22]
	Parameter N bound to: 12 - type: integer 
INFO: [Synth 8-3491] module 'conv_pwm_int' declared at 'C:/Facultate/Anul3/SSC/Proiect/rear_and_avoidance/rear_and_avoidance.srcs/sources_1/new/conv_pwm_int.vhd:5' bound to instance 'pwm_inst' of component 'conv_pwm_int' [C:/Facultate/Anul3/SSC/Proiect/rear_and_avoidance/rear_and_avoidance.srcs/sources_1/new/top.vhd:51]
INFO: [Synth 8-638] synthesizing module 'conv_pwm_int' [C:/Facultate/Anul3/SSC/Proiect/rear_and_avoidance/rear_and_avoidance.srcs/sources_1/new/conv_pwm_int.vhd:16]
INFO: [Synth 8-3491] module 'inmultitor_shift_add' declared at 'C:/Facultate/Anul3/SSC/Proiect/rear_and_avoidance/rear_and_avoidance.srcs/sources_1/new/inmultitor_shift_add.vhd:6' bound to instance 'mult_inst' of component 'inmultitor_shift_add' [C:/Facultate/Anul3/SSC/Proiect/rear_and_avoidance/rear_and_avoidance.srcs/sources_1/new/conv_pwm_int.vhd:49]
INFO: [Synth 8-638] synthesizing module 'inmultitor_shift_add' [C:/Facultate/Anul3/SSC/Proiect/rear_and_avoidance/rear_and_avoidance.srcs/sources_1/new/inmultitor_shift_add.vhd:21]
INFO: [Synth 8-256] done synthesizing module 'inmultitor_shift_add' (0#1) [C:/Facultate/Anul3/SSC/Proiect/rear_and_avoidance/rear_and_avoidance.srcs/sources_1/new/inmultitor_shift_add.vhd:21]
INFO: [Synth 8-3491] module 'RestoringDivision' declared at 'C:/Facultate/Anul3/SSC/Proiect/rear_and_avoidance/rear_and_avoidance.srcs/sources_1/new/RestoringDivision.vhd:6' bound to instance 'div_inst' of component 'RestoringDivision' [C:/Facultate/Anul3/SSC/Proiect/rear_and_avoidance/rear_and_avoidance.srcs/sources_1/new/conv_pwm_int.vhd:60]
INFO: [Synth 8-638] synthesizing module 'RestoringDivision' [C:/Facultate/Anul3/SSC/Proiect/rear_and_avoidance/rear_and_avoidance.srcs/sources_1/new/RestoringDivision.vhd:22]
INFO: [Synth 8-256] done synthesizing module 'RestoringDivision' (0#1) [C:/Facultate/Anul3/SSC/Proiect/rear_and_avoidance/rear_and_avoidance.srcs/sources_1/new/RestoringDivision.vhd:22]
INFO: [Synth 8-256] done synthesizing module 'conv_pwm_int' (0#1) [C:/Facultate/Anul3/SSC/Proiect/rear_and_avoidance/rear_and_avoidance.srcs/sources_1/new/conv_pwm_int.vhd:16]
INFO: [Synth 8-3491] module 'fp_addsub' declared at 'C:/Facultate/Anul3/SSC/Proiect/rear_and_avoidance/rear_and_avoidance.srcs/sources_1/new/vm_add_sub.vhd:5' bound to instance 'fp_inst' of component 'fp_addsub' [C:/Facultate/Anul3/SSC/Proiect/rear_and_avoidance/rear_and_avoidance.srcs/sources_1/new/top.vhd:62]
INFO: [Synth 8-638] synthesizing module 'fp_addsub' [C:/Facultate/Anul3/SSC/Proiect/rear_and_avoidance/rear_and_avoidance.srcs/sources_1/new/vm_add_sub.vhd:18]
INFO: [Synth 8-6054] Found Dynamic range expression with variable size [C:/Facultate/Anul3/SSC/Proiect/rear_and_avoidance/rear_and_avoidance.srcs/sources_1/new/vm_add_sub.vhd:72]
INFO: [Synth 8-6054] Found Dynamic range expression with variable size [C:/Facultate/Anul3/SSC/Proiect/rear_and_avoidance/rear_and_avoidance.srcs/sources_1/new/vm_add_sub.vhd:73]
INFO: [Synth 8-6054] Found Dynamic range expression with variable size [C:/Facultate/Anul3/SSC/Proiect/rear_and_avoidance/rear_and_avoidance.srcs/sources_1/new/vm_add_sub.vhd:86]
INFO: [Synth 8-6054] Found Dynamic range expression with variable size [C:/Facultate/Anul3/SSC/Proiect/rear_and_avoidance/rear_and_avoidance.srcs/sources_1/new/vm_add_sub.vhd:87]
INFO: [Synth 8-256] done synthesizing module 'fp_addsub' (0#1) [C:/Facultate/Anul3/SSC/Proiect/rear_and_avoidance/rear_and_avoidance.srcs/sources_1/new/vm_add_sub.vhd:18]
INFO: [Synth 8-256] done synthesizing module 'top_system' (0#1) [C:/Facultate/Anul3/SSC/Proiect/rear_and_avoidance/rear_and_avoidance.srcs/sources_1/new/top.vhd:22]
WARNING: [Synth 8-6014] Unused sequential element Q_reg was removed.  [C:/Facultate/Anul3/SSC/Proiect/rear_and_avoidance/rear_and_avoidance.srcs/sources_1/new/RestoringDivision.vhd:49]
WARNING: [Synth 8-7129] Port divisor[11] in module RestoringDivision is either unconnected or has no load
WARNING: [Synth 8-7129] Port divisor[10] in module RestoringDivision is either unconnected or has no load
WARNING: [Synth 8-7129] Port divisor[9] in module RestoringDivision is either unconnected or has no load
WARNING: [Synth 8-7129] Port divisor[8] in module RestoringDivision is either unconnected or has no load
WARNING: [Synth 8-7129] Port divisor[7] in module RestoringDivision is either unconnected or has no load
WARNING: [Synth 8-7129] Port divisor[6] in module RestoringDivision is either unconnected or has no load
WARNING: [Synth 8-7129] Port divisor[5] in module RestoringDivision is either unconnected or has no load
WARNING: [Synth 8-7129] Port divisor[4] in module RestoringDivision is either unconnected or has no load
WARNING: [Synth 8-7129] Port divisor[3] in module RestoringDivision is either unconnected or has no load
WARNING: [Synth 8-7129] Port divisor[2] in module RestoringDivision is either unconnected or has no load
WARNING: [Synth 8-7129] Port divisor[1] in module RestoringDivision is either unconnected or has no load
WARNING: [Synth 8-7129] Port divisor[0] in module RestoringDivision is either unconnected or has no load
---------------------------------------------------------------------------------
Finished RTL Elaboration : Time (s): cpu = 00:00:15 ; elapsed = 00:00:19 . Memory (MB): peak = 1563.383 ; gain = 560.555
---------------------------------------------------------------------------------
---------------------------------------------------------------------------------
Start Handling Custom Attributes
---------------------------------------------------------------------------------
---------------------------------------------------------------------------------
Finished Handling Custom Attributes : Time (s): cpu = 00:00:15 ; elapsed = 00:00:19 . Memory (MB): peak = 1563.383 ; gain = 560.555
---------------------------------------------------------------------------------
---------------------------------------------------------------------------------
Finished RTL Optimization Phase 1 : Time (s): cpu = 00:00:15 ; elapsed = 00:00:19 . Memory (MB): peak = 1563.383 ; gain = 560.555
---------------------------------------------------------------------------------
Netlist sorting complete. Time (s): cpu = 00:00:00 ; elapsed = 00:00:00.023 . Memory (MB): peak = 1563.383 ; gain = 0.000
INFO: [Project 1-570] Preparing netlist for logic optimization

Processing XDC Constraints
Initializing timing engine
Parsing XDC File [C:/Facultate/Anul3/SSC/Proiect/rear_and_avoidance/rear_and_avoidance.srcs/constrs_1/new/zybo.xdc]
WARNING: [Vivado 12-584] No ports matched 'vaux14p'. [C:/Facultate/Anul3/SSC/Proiect/rear_and_avoidance/rear_and_avoidance.srcs/constrs_1/new/zybo.xdc:70]
CRITICAL WARNING: [Common 17-55] 'set_property' expects at least one object. [C:/Facultate/Anul3/SSC/Proiect/rear_and_avoidance/rear_and_avoidance.srcs/constrs_1/new/zybo.xdc:70]
Resolution: If [get_<value>] was used to populate the object, check to make sure this command returns at least one valid object.
WARNING: [Vivado 12-584] No ports matched 'vaux7p'. [C:/Facultate/Anul3/SSC/Proiect/rear_and_avoidance/rear_and_avoidance.srcs/constrs_1/new/zybo.xdc:71]
CRITICAL WARNING: [Common 17-55] 'set_property' expects at least one object. [C:/Facultate/Anul3/SSC/Proiect/rear_and_avoidance/rear_and_avoidance.srcs/constrs_1/new/zybo.xdc:71]
Resolution: If [get_<value>] was used to populate the object, check to make sure this command returns at least one valid object.
WARNING: [Vivado 12-584] No ports matched 'vaux15p'. [C:/Facultate/Anul3/SSC/Proiect/rear_and_avoidance/rear_and_avoidance.srcs/constrs_1/new/zybo.xdc:72]
CRITICAL WARNING: [Common 17-55] 'set_property' expects at least one object. [C:/Facultate/Anul3/SSC/Proiect/rear_and_avoidance/rear_and_avoidance.srcs/constrs_1/new/zybo.xdc:72]
Resolution: If [get_<value>] was used to populate the object, check to make sure this command returns at least one valid object.
WARNING: [Vivado 12-584] No ports matched 'vaux6p'. [C:/Facultate/Anul3/SSC/Proiect/rear_and_avoidance/rear_and_avoidance.srcs/constrs_1/new/zybo.xdc:73]
CRITICAL WARNING: [Common 17-55] 'set_property' expects at least one object. [C:/Facultate/Anul3/SSC/Proiect/rear_and_avoidance/rear_and_avoidance.srcs/constrs_1/new/zybo.xdc:73]
Resolution: If [get_<value>] was used to populate the object, check to make sure this command returns at least one valid object.
WARNING: [Vivado 12-584] No ports matched 'vaux14n'. [C:/Facultate/Anul3/SSC/Proiect/rear_and_avoidance/rear_and_avoidance.srcs/constrs_1/new/zybo.xdc:74]
CRITICAL WARNING: [Common 17-55] 'set_property' expects at least one object. [C:/Facultate/Anul3/SSC/Proiect/rear_and_avoidance/rear_and_avoidance.srcs/constrs_1/new/zybo.xdc:74]
Resolution: If [get_<value>] was used to populate the object, check to make sure this command returns at least one valid object.
WARNING: [Vivado 12-584] No ports matched 'vaux7n'. [C:/Facultate/Anul3/SSC/Proiect/rear_and_avoidance/rear_and_avoidance.srcs/constrs_1/new/zybo.xdc:75]
CRITICAL WARNING: [Common 17-55] 'set_property' expects at least one object. [C:/Facultate/Anul3/SSC/Proiect/rear_and_avoidance/rear_and_avoidance.srcs/constrs_1/new/zybo.xdc:75]
Resolution: If [get_<value>] was used to populate the object, check to make sure this command returns at least one valid object.
WARNING: [Vivado 12-584] No ports matched 'vaux15n'. [C:/Facultate/Anul3/SSC/Proiect/rear_and_avoidance/rear_and_avoidance.srcs/constrs_1/new/zybo.xdc:76]
CRITICAL WARNING: [Common 17-55] 'set_property' expects at least one object. [C:/Facultate/Anul3/SSC/Proiect/rear_and_avoidance/rear_and_avoidance.srcs/constrs_1/new/zybo.xdc:76]
Resolution: If [get_<value>] was used to populate the object, check to make sure this command returns at least one valid object.
WARNING: [Vivado 12-584] No ports matched 'vaux6n'. [C:/Facultate/Anul3/SSC/Proiect/rear_and_avoidance/rear_and_avoidance.srcs/constrs_1/new/zybo.xdc:77]
CRITICAL WARNING: [Common 17-55] 'set_property' expects at least one object. [C:/Facultate/Anul3/SSC/Proiect/rear_and_avoidance/rear_and_avoidance.srcs/constrs_1/new/zybo.xdc:77]
Resolution: If [get_<value>] was used to populate the object, check to make sure this command returns at least one valid object.
Finished Parsing XDC File [C:/Facultate/Anul3/SSC/Proiect/rear_and_avoidance/rear_and_avoidance.srcs/constrs_1/new/zybo.xdc]
Completed Processing XDC Constraints

Netlist sorting complete. Time (s): cpu = 00:00:00 ; elapsed = 00:00:00 . Memory (MB): peak = 1662.777 ; gain = 0.000
INFO: [Project 1-111] Unisim Transformation Summary:
No Unisim elements were transformed.

Constraint Validation Runtime : Time (s): cpu = 00:00:00 ; elapsed = 00:00:00.007 . Memory (MB): peak = 1662.777 ; gain = 0.000
---------------------------------------------------------------------------------
Finished Constraint Validation : Time (s): cpu = 00:00:31 ; elapsed = 00:00:38 . Memory (MB): peak = 1662.777 ; gain = 659.949
---------------------------------------------------------------------------------
---------------------------------------------------------------------------------
Start Loading Part and Timing Information
---------------------------------------------------------------------------------
Loading part: xc7z020clg400-1
---------------------------------------------------------------------------------
Finished Loading Part and Timing Information : Time (s): cpu = 00:00:31 ; elapsed = 00:00:38 . Memory (MB): peak = 1662.777 ; gain = 659.949
---------------------------------------------------------------------------------
---------------------------------------------------------------------------------
Start Applying 'set_property' XDC Constraints
---------------------------------------------------------------------------------
---------------------------------------------------------------------------------
Finished applying 'set_property' XDC Constraints : Time (s): cpu = 00:00:31 ; elapsed = 00:00:38 . Memory (MB): peak = 1662.777 ; gain = 659.949
---------------------------------------------------------------------------------
---------------------------------------------------------------------------------
Start Preparing Guide Design
---------------------------------------------------------------------------------
CRITICAL WARNING: [Synth 8-6895] The reference checkpoint C:/Facultate/Anul3/SSC/Proiect/rear_and_avoidance/rear_and_avoidance.srcs/utils_1/imports/synth_1/top_system.dcp is not suitable for use with incremental synthesis for this design. Please regenerate the checkpoint for this design with -incremental_synth switch in the same Vivado session that synth_design has been run. Synthesis will continue with the default flow
---------------------------------------------------------------------------------
Finished Doing Graph Differ : Time (s): cpu = 00:00:32 ; elapsed = 00:00:38 . Memory (MB): peak = 1662.777 ; gain = 659.949
---------------------------------------------------------------------------------
---------------------------------------------------------------------------------
Finished Preparing Guide Design : Time (s): cpu = 00:00:32 ; elapsed = 00:00:38 . Memory (MB): peak = 1662.777 ; gain = 659.949
---------------------------------------------------------------------------------
INFO: [Synth 8-802] inferred FSM for state register 'stare_reg' in module 'inmultitor_shift_add'
INFO: [Synth 8-802] inferred FSM for state register 'state_reg' in module 'RestoringDivision'
INFO: [Synth 8-802] inferred FSM for state register 'state_reg' in module 'fp_addsub'
---------------------------------------------------------------------------------------------------
                   State |                     New Encoding |                Previous Encoding 
---------------------------------------------------------------------------------------------------
               asteptare |                              001 |                               00
                  calcul |                              010 |                               01
              finalizare |                              100 |                               10
---------------------------------------------------------------------------------------------------
INFO: [Synth 8-3354] encoded FSM with state register 'stare_reg' using encoding 'one-hot' in module 'inmultitor_shift_add'
---------------------------------------------------------------------------------------------------
                   State |                     New Encoding |                Previous Encoding 
---------------------------------------------------------------------------------------------------
             s_asteptare |                              001 |                               00
                s_calcul |                              010 |                               01
                 s_final |                              100 |                               10
---------------------------------------------------------------------------------------------------
INFO: [Synth 8-3354] encoded FSM with state register 'state_reg' using encoding 'one-hot' in module 'RestoringDivision'
---------------------------------------------------------------------------------------------------
                   State |                     New Encoding |                Previous Encoding 
---------------------------------------------------------------------------------------------------
              wait_state |                              000 |                              000
             align_state |                              001 |                              001
          addition_state |                              010 |                              010
         normalize_state |                              011 |                              011
            output_state |                              100 |                              100
                  iSTATE |                              101 |                              111
*
---------------------------------------------------------------------------------------------------
INFO: [Synth 8-3354] encoded FSM with state register 'state_reg' using encoding 'sequential' in module 'fp_addsub'
---------------------------------------------------------------------------------
Finished RTL Optimization Phase 2 : Time (s): cpu = 00:00:32 ; elapsed = 00:00:39 . Memory (MB): peak = 1662.777 ; gain = 659.949
---------------------------------------------------------------------------------


Incremental Synthesis Report Summary:

1. Incremental synthesis run: no

   Reason for not running incremental synthesis : 


INFO: [Synth 8-7130] Flow is switching to default flow due to incremental criteria not met. If you would like to alter this behaviour and have the flow terminate instead, please set the following parameter config_implementation {autoIncr.Synth.RejectBehavior Terminate}
---------------------------------------------------------------------------------
Start RTL Component Statistics 
---------------------------------------------------------------------------------
Detailed RTL Component Info : 
+---Adders : 
	   2 Input   25 Bit       Adders := 1     
	   3 Input   25 Bit       Adders := 1     
	   2 Input   13 Bit       Adders := 1     
	   2 Input   11 Bit       Adders := 6     
	   3 Input    9 Bit       Adders := 2     
	   2 Input    9 Bit       Adders := 1     
	   2 Input    4 Bit       Adders := 2     
+---XORs : 
	   2 Input      1 Bit         XORs := 1     
+---Registers : 
	               32 Bit    Registers := 1     
	               25 Bit    Registers := 7     
	               13 Bit    Registers := 2     
	               12 Bit    Registers := 2     
	                9 Bit    Registers := 3     
	                4 Bit    Registers := 2     
	                1 Bit    Registers := 6     
+---Muxes : 
	   3 Input   25 Bit        Muxes := 3     
	   2 Input   25 Bit        Muxes := 8     
	   6 Input   25 Bit        Muxes := 3     
	   2 Input   13 Bit        Muxes := 1     
	   3 Input   13 Bit        Muxes := 1     
	   3 Input   12 Bit        Muxes := 1     
	   2 Input    9 Bit        Muxes := 2     
	   6 Input    9 Bit        Muxes := 1     
	   3 Input    4 Bit        Muxes := 2     
	   6 Input    3 Bit        Muxes := 1     
	   2 Input    3 Bit        Muxes := 9     
	   2 Input    2 Bit        Muxes := 1     
	   2 Input    1 Bit        Muxes := 8     
	   3 Input    1 Bit        Muxes := 7     
	   6 Input    1 Bit        Muxes := 10    
---------------------------------------------------------------------------------
Finished RTL Component Statistics 
---------------------------------------------------------------------------------
---------------------------------------------------------------------------------
Start Part Resource Summary
---------------------------------------------------------------------------------
Part Resources:
DSPs: 220 (col length:60)
BRAMs: 280 (col length: RAMB18 60 RAMB36 30)
---------------------------------------------------------------------------------
Finished Part Resource Summary
---------------------------------------------------------------------------------
---------------------------------------------------------------------------------
Start Cross Boundary and Area Optimization
---------------------------------------------------------------------------------
WARNING: [Synth 8-7080] Parallel synthesis criteria is not met
WARNING: [Synth 8-3936] Found unconnected internal register 'pwm_inst/div_inst/quotient_reg' and it is trimmed from '12' to '8' bits. [C:/Facultate/Anul3/SSC/Proiect/rear_and_avoidance/rear_and_avoidance.srcs/sources_1/new/RestoringDivision.vhd:101]
---------------------------------------------------------------------------------
Finished Cross Boundary and Area Optimization : Time (s): cpu = 00:00:44 ; elapsed = 00:00:51 . Memory (MB): peak = 1662.777 ; gain = 659.949
---------------------------------------------------------------------------------
---------------------------------------------------------------------------------
Start Applying XDC Timing Constraints
---------------------------------------------------------------------------------
---------------------------------------------------------------------------------
Finished Applying XDC Timing Constraints : Time (s): cpu = 00:00:52 ; elapsed = 00:01:00 . Memory (MB): peak = 1662.777 ; gain = 659.949
---------------------------------------------------------------------------------
---------------------------------------------------------------------------------
Start Timing Optimization
---------------------------------------------------------------------------------
---------------------------------------------------------------------------------
Finished Timing Optimization : Time (s): cpu = 00:00:52 ; elapsed = 00:01:00 . Memory (MB): peak = 1662.777 ; gain = 659.949
---------------------------------------------------------------------------------
---------------------------------------------------------------------------------
Start Technology Mapping
---------------------------------------------------------------------------------
---------------------------------------------------------------------------------
Finished Technology Mapping : Time (s): cpu = 00:00:52 ; elapsed = 00:01:00 . Memory (MB): peak = 1662.777 ; gain = 659.949
---------------------------------------------------------------------------------
---------------------------------------------------------------------------------
Start IO Insertion
---------------------------------------------------------------------------------
---------------------------------------------------------------------------------
Start Flattening Before IO Insertion
---------------------------------------------------------------------------------
---------------------------------------------------------------------------------
Finished Flattening Before IO Insertion
---------------------------------------------------------------------------------
---------------------------------------------------------------------------------
Start Final Netlist Cleanup
---------------------------------------------------------------------------------
---------------------------------------------------------------------------------
Finished Final Netlist Cleanup
---------------------------------------------------------------------------------
---------------------------------------------------------------------------------
Finished IO Insertion : Time (s): cpu = 00:00:58 ; elapsed = 00:01:06 . Memory (MB): peak = 1662.777 ; gain = 659.949
---------------------------------------------------------------------------------
---------------------------------------------------------------------------------
Start Renaming Generated Instances
---------------------------------------------------------------------------------
---------------------------------------------------------------------------------
Finished Renaming Generated Instances : Time (s): cpu = 00:00:58 ; elapsed = 00:01:06 . Memory (MB): peak = 1662.777 ; gain = 659.949
---------------------------------------------------------------------------------
---------------------------------------------------------------------------------
Start Rebuilding User Hierarchy
---------------------------------------------------------------------------------
---------------------------------------------------------------------------------
Finished Rebuilding User Hierarchy : Time (s): cpu = 00:00:58 ; elapsed = 00:01:06 . Memory (MB): peak = 1662.777 ; gain = 659.949
---------------------------------------------------------------------------------
---------------------------------------------------------------------------------
Start Renaming Generated Ports
---------------------------------------------------------------------------------
---------------------------------------------------------------------------------
Finished Renaming Generated Ports : Time (s): cpu = 00:00:58 ; elapsed = 00:01:06 . Memory (MB): peak = 1662.777 ; gain = 659.949
---------------------------------------------------------------------------------
---------------------------------------------------------------------------------
Start Handling Custom Attributes
---------------------------------------------------------------------------------
---------------------------------------------------------------------------------
Finished Handling Custom Attributes : Time (s): cpu = 00:00:58 ; elapsed = 00:01:06 . Memory (MB): peak = 1662.777 ; gain = 659.949
---------------------------------------------------------------------------------
---------------------------------------------------------------------------------
Start Renaming Generated Nets
---------------------------------------------------------------------------------
---------------------------------------------------------------------------------
Finished Renaming Generated Nets : Time (s): cpu = 00:00:58 ; elapsed = 00:01:06 . Memory (MB): peak = 1662.777 ; gain = 659.949
---------------------------------------------------------------------------------
---------------------------------------------------------------------------------
Start Writing Synthesis Report
---------------------------------------------------------------------------------

Report BlackBoxes: 
+-+--------------+----------+
| |BlackBox name |Instances |
+-+--------------+----------+
+-+--------------+----------+

Report Cell Usage: 
+------+-------+------+
|      |Cell   |Count |
+------+-------+------+
|1     |BUFG   |     1|
|2     |CARRY4 |    28|
|3     |LUT2   |   141|
|4     |LUT3   |    44|
|5     |LUT4   |   228|
|6     |LUT5   |   186|
|7     |LUT6   |   289|
|8     |FDCE   |   113|
|9     |FDPE   |     2|
|10    |FDRE   |   167|
|11    |IBUF   |    81|
|12    |OBUF   |    42|
+------+-------+------+
---------------------------------------------------------------------------------
Finished Writing Synthesis Report : Time (s): cpu = 00:00:58 ; elapsed = 00:01:06 . Memory (MB): peak = 1662.777 ; gain = 659.949
---------------------------------------------------------------------------------
Synthesis finished with 0 errors, 1 critical warnings and 2 warnings.
Synthesis Optimization Runtime : Time (s): cpu = 00:00:39 ; elapsed = 00:01:02 . Memory (MB): peak = 1662.777 ; gain = 560.555
Synthesis Optimization Complete : Time (s): cpu = 00:00:58 ; elapsed = 00:01:06 . Memory (MB): peak = 1662.777 ; gain = 659.949
INFO: [Project 1-571] Translating synthesized netlist
Netlist sorting complete. Time (s): cpu = 00:00:00 ; elapsed = 00:00:00.012 . Memory (MB): peak = 1662.777 ; gain = 0.000
INFO: [Netlist 29-17] Analyzing 28 Unisim elements for replacement
INFO: [Netlist 29-28] Unisim Transformation completed in 0 CPU seconds
INFO: [Project 1-570] Preparing netlist for logic optimization
INFO: [Opt 31-138] Pushed 0 inverter(s) to 0 load pin(s).
Netlist sorting complete. Time (s): cpu = 00:00:00 ; elapsed = 00:00:00 . Memory (MB): peak = 1662.777 ; gain = 0.000
INFO: [Project 1-111] Unisim Transformation Summary:
No Unisim elements were transformed.

Synth Design complete | Checksum: 3117a9e1
INFO: [Common 17-83] Releasing license: Synthesis
42 Infos, 23 Warnings, 9 Critical Warnings and 0 Errors encountered.
synth_design completed successfully
synth_design: Time (s): cpu = 00:01:09 ; elapsed = 00:01:22 . Memory (MB): peak = 1662.777 ; gain = 1088.141
INFO: [runtcl-6] Synthesis results are not added to the cache due to CRITICAL_WARNING
Write ShapeDB Complete: Time (s): cpu = 00:00:01 ; elapsed = 00:00:00.006 . Memory (MB): peak = 1662.777 ; gain = 0.000
INFO: [Common 17-1381] The checkpoint 'C:/Facultate/Anul3/SSC/Proiect/rear_and_avoidance/rear_and_avoidance.runs/synth_1/top_system.dcp' has been generated.
INFO: [Vivado 12-24828] Executing command : report_utilization -file top_system_utilization_synth.rpt -pb top_system_utilization_synth.pb
INFO: [Common 17-206] Exiting Vivado at Tue Nov 18 19:08:23 2025...
