Copyright 1986-2022 Xilinx, Inc. All Rights Reserved. Copyright 2022-2024 Advanced Micro Devices, Inc. All Rights Reserved.
---------------------------------------------------------------------------------------------------------------------------------------------
| Tool Version : Vivado v.2024.1 (win64) Build 5076996 Wed May 22 18:37:14 MDT 2024
| Date         : Wed Jan 21 14:37:52 2026
| Host         : Zbook running 64-bit major release  (build 9200)
| Command      : report_control_sets -verbose -file design_1_wrapper_control_sets_placed.rpt
| Design       : design_1_wrapper
| Device       : xc7z020
---------------------------------------------------------------------------------------------------------------------------------------------

Control Set Information

Table of Contents
-----------------
1. Summary
2. Histogram
3. Flip-Flop Distribution
4. Detailed Control Set Information

1. Summary
----------

+----------------------------------------------------------+-------+
|                          Status                          | Count |
+----------------------------------------------------------+-------+
| Total control sets                                       |   130 |
|    Minimum number of control sets                        |   130 |
|    Addition due to synthesis replication                 |     0 |
|    Addition due to physical synthesis replication        |     0 |
| Unused register locations in slices containing registers |   384 |
+----------------------------------------------------------+-------+
* Control sets can be merged at opt_design using control_set_merge or merge_equivalent_drivers
** Run report_qor_suggestions for automated merging and remapping suggestions


2. Histogram
------------

+--------------------+-------+
|       Fanout       | Count |
+--------------------+-------+
| Total control sets |   130 |
| >= 0 to < 4        |     2 |
| >= 4 to < 6        |    35 |
| >= 6 to < 8        |     7 |
| >= 8 to < 10       |    10 |
| >= 10 to < 12      |     3 |
| >= 12 to < 14      |     9 |
| >= 14 to < 16      |     2 |
| >= 16              |    62 |
+--------------------+-------+
* Control sets can be remapped at either synth_design or opt_design


3. Flip-Flop Distribution
-------------------------

+--------------+-----------------------+------------------------+-----------------+--------------+
| Clock Enable | Synchronous Set/Reset | Asynchronous Set/Reset | Total Registers | Total Slices |
+--------------+-----------------------+------------------------+-----------------+--------------+
| No           | No                    | No                     |             256 |          102 |
| No           | No                    | Yes                    |              26 |           13 |
| No           | Yes                   | No                     |             427 |          120 |
| Yes          | No                    | No                     |            1081 |          388 |
| Yes          | No                    | Yes                    |             375 |          110 |
| Yes          | Yes                   | No                     |             323 |          108 |
+--------------+-----------------------+------------------------+-----------------+--------------+


4. Detailed Control Set Information
-----------------------------------

+-------------------------------------------------+----------------------------------------------------------------------------------------------------------------------------------------------------------------+-------------------------------------------------------------------------------------------------------------------------------------------------------+------------------+----------------+--------------+
|                   Clock Signal                  |                                                                          Enable Signal                                                                         |                                                                    Set/Reset Signal                                                                   | Slice Load Count | Bel Load Count | Bels / Slice |
+-------------------------------------------------+----------------------------------------------------------------------------------------------------------------------------------------------------------------+-------------------------------------------------------------------------------------------------------------------------------------------------------+------------------+----------------+--------------+
|  design_1_i/processing_system7_0/inst/FCLK_CLK0 | design_1_i/ps7_0_axi_periph/s00_couplers/auto_pc/inst/gen_axilite.gen_b2s_conv.axilite_b2s/WR.aw_channel_0/aw_cmd_fsm_0/FSM_sequential_state_reg[0]_1          | design_1_i/ps7_0_axi_periph/s00_couplers/auto_pc/inst/gen_axilite.gen_b2s_conv.axilite_b2s/WR.aw_channel_0/aw_cmd_fsm_0/FSM_sequential_state_reg[0]_0 |                1 |              1 |         1.00 |
|  design_1_i/processing_system7_0/inst/FCLK_CLK0 | design_1_i/ps7_0_axi_periph/s00_couplers/auto_pc/inst/gen_axilite.gen_b2s_conv.axilite_b2s/WR.b_channel_0/bid_fifo_0/sel                                       |                                                                                                                                                       |                1 |              2 |         2.00 |
|  design_1_i/processing_system7_0/inst/FCLK_CLK0 |                                                                                                                                                                | design_1_i/axi_gpio_leds/U0/AXI_LITE_IPIF_I/I_SLAVE_ATTACHMENT/clear                                                                                  |                1 |              4 |         4.00 |
|  design_1_i/processing_system7_0/inst/FCLK_CLK0 | design_1_i/axi_gpio_start/U0/AXI_LITE_IPIF_I/I_SLAVE_ATTACHMENT/start2                                                                                         | design_1_i/axi_gpio_start/U0/AXI_LITE_IPIF_I/I_SLAVE_ATTACHMENT/I_DECODER/cs_ce_clr                                                                   |                1 |              4 |         4.00 |
|  design_1_i/processing_system7_0/inst/FCLK_CLK0 | design_1_i/axi_gpio_start/U0/AXI_LITE_IPIF_I/I_SLAVE_ATTACHMENT/bus2ip_addr_i[8]_i_1_n_0                                                                       | design_1_i/axi_gpio_start/U0/AXI_LITE_IPIF_I/I_SLAVE_ATTACHMENT/SS[0]                                                                                 |                1 |              4 |         4.00 |
|  design_1_i/processing_system7_0/inst/FCLK_CLK0 |                                                                                                                                                                | design_1_i/axi_gpio_done/U0/AXI_LITE_IPIF_I/I_SLAVE_ATTACHMENT/clear                                                                                  |                1 |              4 |         4.00 |
|  design_1_i/processing_system7_0/inst/FCLK_CLK0 | design_1_i/axi_gpio_rst_conv/U0/AXI_LITE_IPIF_I/I_SLAVE_ATTACHMENT/start2                                                                                      | design_1_i/axi_gpio_rst_conv/U0/AXI_LITE_IPIF_I/I_SLAVE_ATTACHMENT/I_DECODER/cs_ce_clr                                                                |                1 |              4 |         4.00 |
|  design_1_i/processing_system7_0/inst/FCLK_CLK0 |                                                                                                                                                                | design_1_i/axi_gpio_rst_conv/U0/AXI_LITE_IPIF_I/I_SLAVE_ATTACHMENT/clear                                                                              |                1 |              4 |         4.00 |
|  design_1_i/processing_system7_0/inst/FCLK_CLK0 | design_1_i/pid_controller_0/inst/conv_inst/fp_exp_u0                                                                                                           |                                                                                                                                                       |                3 |              4 |         1.33 |
|  design_1_i/processing_system7_0/inst/FCLK_CLK0 | design_1_i/pid_controller_0/inst/pid_inst/DIV_UNIT/FSM_sequential_state[3]_i_1_n_0                                                                             |                                                                                                                                                       |                1 |              4 |         4.00 |
|  design_1_i/processing_system7_0/inst/FCLK_CLK0 |                                                                                                                                                                | design_1_i/axi_gpio_rst_fp/U0/AXI_LITE_IPIF_I/I_SLAVE_ATTACHMENT/clear                                                                                |                1 |              4 |         4.00 |
|  design_1_i/processing_system7_0/inst/FCLK_CLK0 | design_1_i/axi_gpio_done/U0/AXI_LITE_IPIF_I/I_SLAVE_ATTACHMENT/bus2ip_addr_i[8]_i_1_n_0                                                                        | design_1_i/axi_gpio_done/U0/AXI_LITE_IPIF_I/I_SLAVE_ATTACHMENT/SS[0]                                                                                  |                2 |              4 |         2.00 |
|  design_1_i/processing_system7_0/inst/FCLK_CLK0 | design_1_i/pid_controller_0/inst/conv_inst/fp_exp_u0                                                                                                           | design_1_i/pid_controller_0/inst/conv_inst/fp_exp_u[4]_i_1_n_0                                                                                        |                1 |              4 |         4.00 |
|  design_1_i/processing_system7_0/inst/FCLK_CLK0 | design_1_i/axi_gpio_rst_fp/U0/AXI_LITE_IPIF_I/I_SLAVE_ATTACHMENT/start2                                                                                        | design_1_i/axi_gpio_rst_fp/U0/AXI_LITE_IPIF_I/I_SLAVE_ATTACHMENT/I_DECODER/cs_ce_clr                                                                  |                1 |              4 |         4.00 |
|  design_1_i/processing_system7_0/inst/FCLK_CLK0 |                                                                                                                                                                | design_1_i/axi_gpio_pwm_val/U0/AXI_LITE_IPIF_I/I_SLAVE_ATTACHMENT/clear                                                                               |                1 |              4 |         4.00 |
|  design_1_i/processing_system7_0/inst/FCLK_CLK0 | design_1_i/axi_gpio_rst_conv/U0/AXI_LITE_IPIF_I/I_SLAVE_ATTACHMENT/bus2ip_addr_i[8]_i_1_n_0                                                                    | design_1_i/axi_gpio_rst_conv/U0/AXI_LITE_IPIF_I/I_SLAVE_ATTACHMENT/SS[0]                                                                              |                2 |              4 |         2.00 |
|  design_1_i/processing_system7_0/inst/FCLK_CLK0 | design_1_i/axi_gpio_leds/U0/AXI_LITE_IPIF_I/I_SLAVE_ATTACHMENT/s_axi_rresp_i                                                                                   | design_1_i/axi_gpio_leds/U0/AXI_LITE_IPIF_I/I_SLAVE_ATTACHMENT/SR[0]                                                                                  |                1 |              4 |         4.00 |
|  design_1_i/processing_system7_0/inst/FCLK_CLK0 | design_1_i/axi_gpio_pot_val/U0/AXI_LITE_IPIF_I/I_SLAVE_ATTACHMENT/start2                                                                                       | design_1_i/axi_gpio_pot_val/U0/AXI_LITE_IPIF_I/I_SLAVE_ATTACHMENT/I_DECODER/cs_ce_clr                                                                 |                1 |              4 |         4.00 |
|  design_1_i/processing_system7_0/inst/FCLK_CLK0 | design_1_i/axi_gpio_rst_fp/U0/AXI_LITE_IPIF_I/I_SLAVE_ATTACHMENT/bus2ip_addr_i[8]_i_1_n_0                                                                      | design_1_i/axi_gpio_rst_fp/U0/AXI_LITE_IPIF_I/I_SLAVE_ATTACHMENT/SS[0]                                                                                |                1 |              4 |         4.00 |
|  design_1_i/processing_system7_0/inst/FCLK_CLK0 |                                                                                                                                                                | design_1_i/axi_gpio_start/U0/AXI_LITE_IPIF_I/I_SLAVE_ATTACHMENT/clear                                                                                 |                1 |              4 |         4.00 |
|  design_1_i/processing_system7_0/inst/FCLK_CLK0 | design_1_i/axi_gpio_done/U0/AXI_LITE_IPIF_I/I_SLAVE_ATTACHMENT/start2                                                                                          | design_1_i/axi_gpio_done/U0/AXI_LITE_IPIF_I/I_SLAVE_ATTACHMENT/I_DECODER/cs_ce_clr                                                                    |                1 |              4 |         4.00 |
|  design_1_i/processing_system7_0/inst/FCLK_CLK0 |                                                                                                                                                                | design_1_i/rst_ps7_0_50M/U0/EXT_LPF/lpf_int                                                                                                           |                2 |              4 |         2.00 |
|  design_1_i/processing_system7_0/inst/FCLK_CLK0 | design_1_i/ps7_0_axi_periph/s00_couplers/auto_pc/inst/gen_axilite.gen_b2s_conv.axilite_b2s/RD.ar_channel_0/ar_cmd_fsm_0/m_axi_arready_2                        | design_1_i/ps7_0_axi_periph/s00_couplers/auto_pc/inst/gen_axilite.gen_b2s_conv.axilite_b2s/RD.ar_channel_0/ar_cmd_fsm_0/FSM_sequential_state_reg[1]_0 |                3 |              4 |         1.33 |
|  design_1_i/processing_system7_0/inst/FCLK_CLK0 | design_1_i/xadc_wiz_0/inst/AXI_XADC_CORE_I/D[6]                                                                                                                | design_1_i/xadc_wiz_0/inst/AXI_LITE_IPIF_I/I_SLAVE_ATTACHMENT/reset2ip_reset                                                                          |                2 |              4 |         2.00 |
|  design_1_i/processing_system7_0/inst/FCLK_CLK0 | design_1_i/axi_gpio_pot_val/U0/AXI_LITE_IPIF_I/I_SLAVE_ATTACHMENT/bus2ip_addr_i[8]_i_1_n_0                                                                     | design_1_i/axi_gpio_pot_val/U0/AXI_LITE_IPIF_I/I_SLAVE_ATTACHMENT/SR[0]                                                                               |                1 |              4 |         4.00 |
|  design_1_i/processing_system7_0/inst/FCLK_CLK0 | design_1_i/xadc_wiz_0/inst/AXI_XADC_CORE_I/axi4_stream_inst/FSM_sequential_state[3]_i_1_n_0                                                                    | design_1_i/xadc_wiz_0/inst/AXI_XADC_CORE_I/Inst_drp_arbiter/AR[0]                                                                                     |                2 |              4 |         2.00 |
|  design_1_i/processing_system7_0/inst/FCLK_CLK0 |                                                                                                                                                                | design_1_i/axi_gpio_pot_val/U0/AXI_LITE_IPIF_I/I_SLAVE_ATTACHMENT/clear                                                                               |                1 |              4 |         4.00 |
|  design_1_i/processing_system7_0/inst/FCLK_CLK0 | design_1_i/axi_gpio_pwm_val/U0/AXI_LITE_IPIF_I/I_SLAVE_ATTACHMENT/start2                                                                                       | design_1_i/axi_gpio_pwm_val/U0/AXI_LITE_IPIF_I/I_SLAVE_ATTACHMENT/I_DECODER/cs_ce_clr                                                                 |                1 |              4 |         4.00 |
|  design_1_i/processing_system7_0/inst/FCLK_CLK0 |                                                                                                                                                                | design_1_i/ps7_0_axi_periph/s00_couplers/auto_pc/inst/gen_axilite.gen_b2s_conv.axilite_b2s/SI_REG/aw.aw_pipe/aresetn_d_reg[1]_inv_0                   |                2 |              4 |         2.00 |
|  design_1_i/processing_system7_0/inst/FCLK_CLK0 |                                                                                                                                                                | design_1_i/ps7_0_axi_periph/s00_couplers/auto_pc/inst/gen_axilite.gen_b2s_conv.axilite_b2s/SI_REG/aw.aw_pipe/aresetn_d_reg[0]_0                       |                2 |              4 |         2.00 |
|  design_1_i/processing_system7_0/inst/FCLK_CLK0 | design_1_i/axi_gpio_leds/U0/AXI_LITE_IPIF_I/I_SLAVE_ATTACHMENT/bus2ip_addr_i[8]_i_1_n_0                                                                        | design_1_i/axi_gpio_leds/U0/AXI_LITE_IPIF_I/I_SLAVE_ATTACHMENT/SR[0]                                                                                  |                1 |              4 |         4.00 |
|  design_1_i/processing_system7_0/inst/FCLK_CLK0 | design_1_i/axi_gpio_leds/U0/AXI_LITE_IPIF_I/I_SLAVE_ATTACHMENT/start2                                                                                          | design_1_i/axi_gpio_leds/U0/AXI_LITE_IPIF_I/I_SLAVE_ATTACHMENT/I_DECODER/cs_ce_clr                                                                    |                1 |              4 |         4.00 |
|  design_1_i/processing_system7_0/inst/FCLK_CLK0 | design_1_i/axi_gpio_pwm_val/U0/AXI_LITE_IPIF_I/I_SLAVE_ATTACHMENT/bus2ip_addr_i[8]_i_1_n_0                                                                     | design_1_i/axi_gpio_pwm_val/U0/AXI_LITE_IPIF_I/I_SLAVE_ATTACHMENT/SR[0]                                                                               |                1 |              4 |         4.00 |
|  design_1_i/processing_system7_0/inst/FCLK_CLK0 | design_1_i/pid_controller_0/inst/pid_inst/ADD_UNIT/shift_amount0                                                                                               |                                                                                                                                                       |                3 |              5 |         1.67 |
|  design_1_i/processing_system7_0/inst/FCLK_CLK0 | design_1_i/ps7_0_axi_periph/s00_couplers/auto_pc/inst/gen_axilite.gen_b2s_conv.axilite_b2s/RD.r_channel_0/rd_data_fifo_0/cnt_read[4]_i_1__0_n_0                | design_1_i/ps7_0_axi_periph/s00_couplers/auto_pc/inst/gen_axilite.gen_b2s_conv.axilite_b2s/areset_d1                                                  |                2 |              5 |         2.50 |
|  design_1_i/processing_system7_0/inst/FCLK_CLK0 | design_1_i/pid_controller_0/inst/conv_inst/FSM_onehot_state[4]_i_1_n_0                                                                                         | design_1_i/axi_gpio_rst_fp/U0/gpio_core_1/gpio_io_o[0]                                                                                                |                1 |              5 |         5.00 |
|  design_1_i/processing_system7_0/inst/FCLK_CLK0 | design_1_i/ps7_0_axi_periph/s00_couplers/auto_pc/inst/gen_axilite.gen_b2s_conv.axilite_b2s/RD.r_channel_0/transaction_fifo_0/cnt_read[4]_i_1_n_0               | design_1_i/ps7_0_axi_periph/s00_couplers/auto_pc/inst/gen_axilite.gen_b2s_conv.axilite_b2s/areset_d1                                                  |                1 |              5 |         5.00 |
|  design_1_i/processing_system7_0/inst/FCLK_CLK0 | design_1_i/rst_ps7_0_50M/U0/SEQ/seq_cnt_en                                                                                                                     | design_1_i/rst_ps7_0_50M/U0/SEQ/SEQ_COUNTER/clear                                                                                                     |                1 |              6 |         6.00 |
|  design_1_i/processing_system7_0/inst/FCLK_CLK0 | design_1_i/pid_controller_0/inst/pid_inst/MUL_UNIT/FSM_sequential_state_reg[3][0]                                                                              | design_1_i/axi_gpio_rst_fp/U0/gpio_core_1/gpio_io_o[0]                                                                                                |                2 |              6 |         3.00 |
|  design_1_i/processing_system7_0/inst/FCLK_CLK0 | design_1_i/pid_controller_0/inst/conv_inst/E[0]                                                                                                                | design_1_i/axi_gpio_rst_fp/U0/gpio_core_1/gpio_io_o[0]                                                                                                |                1 |              6 |         6.00 |
|  design_1_i/processing_system7_0/inst/FCLK_CLK0 | design_1_i/xadc_wiz_0/inst/AXI_XADC_CORE_I/axi4_stream_inst/channel_id[6]_i_1_n_0                                                                              | design_1_i/xadc_wiz_0/inst/AXI_XADC_CORE_I/Inst_drp_arbiter/AR[0]                                                                                     |                2 |              6 |         3.00 |
|  design_1_i/processing_system7_0/inst/FCLK_CLK0 | design_1_i/pid_controller_0/inst/pid_inst/p_0_in                                                                                                               |                                                                                                                                                       |                4 |              7 |         1.75 |
|  design_1_i/processing_system7_0/inst/FCLK_CLK0 |                                                                                                                                                                | design_1_i/axi_gpio_rst_conv/U0/gpio_core_1/gpio_io_o[0]                                                                                              |                2 |              7 |         3.50 |
|  design_1_i/processing_system7_0/inst/FCLK_CLK0 |                                                                                                                                                                | design_1_i/xadc_wiz_0/inst/AXI_LITE_IPIF_I/I_SLAVE_ATTACHMENT/INCLUDE_DPHASE_TIMER.dpto_cnt0                                                          |                2 |              7 |         3.50 |
|  design_1_i/processing_system7_0/inst/FCLK_CLK0 |                                                                                                                                                                | design_1_i/axi_gpio_rst_fp/U0/gpio_core_1/gpio_io_o[0]                                                                                                |                5 |              8 |         1.60 |
|  design_1_i/processing_system7_0/inst/FCLK_CLK0 | design_1_i/pid_controller_0/inst/pid_inst/MUL_UNIT/result[30]_i_1__0_n_0                                                                                       |                                                                                                                                                       |                1 |              8 |         8.00 |
|  design_1_i/processing_system7_0/inst/FCLK_CLK0 | design_1_i/pid_controller_0/inst/pid_inst/DIV_UNIT/result[21]_i_2_n_0                                                                                          |                                                                                                                                                       |                4 |              8 |         2.00 |
|  design_1_i/processing_system7_0/inst/FCLK_CLK0 |                                                                                                                                                                | design_1_i/axi_gpio_pwm_val/U0/AXI_LITE_IPIF_I/I_SLAVE_ATTACHMENT/I_DECODER/bus2ip_rnw_i_reg                                                          |                2 |              8 |         4.00 |
|  design_1_i/processing_system7_0/inst/FCLK_CLK0 | design_1_i/axi_gpio_pwm_val/U0/AXI_LITE_IPIF_I/I_SLAVE_ATTACHMENT/I_DECODER/E[0]                                                                               | design_1_i/axi_gpio_pwm_val/U0/AXI_LITE_IPIF_I/I_SLAVE_ATTACHMENT/SR[0]                                                                               |                2 |              8 |         4.00 |
|  design_1_i/processing_system7_0/inst/FCLK_CLK0 | design_1_i/pid_controller_0/inst/pwm_inst/div_inst/E[0]                                                                                                        |                                                                                                                                                       |                5 |              8 |         1.60 |
|  design_1_i/processing_system7_0/inst/FCLK_CLK0 | design_1_i/ps7_0_axi_periph/s00_couplers/auto_pc/inst/gen_axilite.gen_b2s_conv.axilite_b2s/WR.b_channel_0/mhandshake_r                                         | design_1_i/ps7_0_axi_periph/s00_couplers/auto_pc/inst/gen_axilite.gen_b2s_conv.axilite_b2s/WR.b_channel_0/bid_fifo_0/SR[0]                            |                3 |              8 |         2.67 |
|  design_1_i/processing_system7_0/inst/FCLK_CLK0 | design_1_i/pid_controller_0/inst/pid_inst/MUL_UNIT/mantProd_reg_i_1_n_0                                                                                        |                                                                                                                                                       |                2 |              8 |         4.00 |
|  design_1_i/processing_system7_0/inst/FCLK_CLK0 | design_1_i/pid_controller_0/inst/pid_inst/ADD_UNIT/final_exp_s[8]_i_1_n_0                                                                                      |                                                                                                                                                       |                4 |              9 |         2.25 |
|  design_1_i/processing_system7_0/inst/FCLK_CLK0 | design_1_i/axi_gpio_pwm_val/U0/AXI_LITE_IPIF_I/I_SLAVE_ATTACHMENT/s_axi_rresp_i                                                                                | design_1_i/axi_gpio_pwm_val/U0/AXI_LITE_IPIF_I/I_SLAVE_ATTACHMENT/SR[0]                                                                               |                3 |              9 |         3.00 |
|  design_1_i/processing_system7_0/inst/FCLK_CLK0 | design_1_i/pid_controller_0/inst/pid_inst/DIV_UNIT/expDiff[9]_i_1_n_0                                                                                          |                                                                                                                                                       |                3 |             10 |         3.33 |
|  design_1_i/processing_system7_0/inst/FCLK_CLK0 |                                                                                                                                                                | design_1_i/ps7_0_axi_periph/s00_couplers/auto_pc/inst/gen_axilite.gen_b2s_conv.axilite_b2s/areset_d1                                                  |                4 |             10 |         2.50 |
|  design_1_i/processing_system7_0/inst/FCLK_CLK0 |                                                                                                                                                                | design_1_i/xadc_wiz_0/inst/AXI_XADC_CORE_I/Inst_drp_arbiter/AR[0]                                                                                     |                6 |             11 |         1.83 |
|  design_1_i/processing_system7_0/inst/FCLK_CLK0 |                                                                                                                                                                | design_1_i/axi_gpio_pot_val/U0/gpio_core_1/Read_Reg_Rst__0                                                                                            |                3 |             12 |         4.00 |
|  design_1_i/processing_system7_0/inst/FCLK_CLK0 | design_1_i/pid_controller_0/inst/conv_inst/FSM_onehot_state_reg_n_0_[4]                                                                                        | design_1_i/axi_gpio_rst_fp/U0/gpio_core_1/gpio_io_o[0]                                                                                                |                4 |             12 |         3.00 |
|  design_1_i/processing_system7_0/inst/FCLK_CLK0 | design_1_i/ps7_0_axi_periph/s00_couplers/auto_pc/inst/gen_axilite.gen_b2s_conv.axilite_b2s/WR.aw_channel_0/aw_cmd_fsm_0/m_valid_i_reg[0]                       |                                                                                                                                                       |                5 |             12 |         2.40 |
|  design_1_i/processing_system7_0/inst/FCLK_CLK0 | design_1_i/ps7_0_axi_periph/s00_couplers/auto_pc/inst/gen_axilite.gen_b2s_conv.axilite_b2s/WR.aw_channel_0/cmd_translator_0/incr_cmd_0/axaddr_incr[11]_i_1_n_0 |                                                                                                                                                       |                3 |             12 |         4.00 |
|  design_1_i/processing_system7_0/inst/FCLK_CLK0 | design_1_i/axi_gpio_pot_val/U0/AXI_LITE_IPIF_I/I_SLAVE_ATTACHMENT/I_DECODER/E[0]                                                                               | design_1_i/axi_gpio_pot_val/U0/AXI_LITE_IPIF_I/I_SLAVE_ATTACHMENT/SR[0]                                                                               |                5 |             12 |         2.40 |
|  design_1_i/processing_system7_0/inst/FCLK_CLK0 | design_1_i/ps7_0_axi_periph/s00_couplers/auto_pc/inst/gen_axilite.gen_b2s_conv.axilite_b2s/RD.ar_channel_0/ar_cmd_fsm_0/E[0]                                   |                                                                                                                                                       |                6 |             12 |         2.00 |
|  design_1_i/processing_system7_0/inst/FCLK_CLK0 | design_1_i/ps7_0_axi_periph/s00_couplers/auto_pc/inst/gen_axilite.gen_b2s_conv.axilite_b2s/RD.ar_channel_0/ar_cmd_fsm_0/sel_first_reg[0]                       |                                                                                                                                                       |                3 |             12 |         4.00 |
|  design_1_i/processing_system7_0/inst/FCLK_CLK0 | design_1_i/axi_gpio_pot_val/U0/AXI_LITE_IPIF_I/I_SLAVE_ATTACHMENT/s_axi_rresp_i                                                                                | design_1_i/axi_gpio_pot_val/U0/AXI_LITE_IPIF_I/I_SLAVE_ATTACHMENT/SR[0]                                                                               |                2 |             13 |         6.50 |
|  design_1_i/processing_system7_0/inst/FCLK_CLK0 | design_1_i/ps7_0_axi_periph/s00_couplers/auto_pc/inst/gen_axilite.gen_b2s_conv.axilite_b2s/RD.r_channel_0/r_push_r                                             |                                                                                                                                                       |                4 |             13 |         3.25 |
|  design_1_i/processing_system7_0/inst/FCLK_CLK0 | design_1_i/ps7_0_axi_periph/s00_couplers/auto_pc/inst/gen_axilite.gen_b2s_conv.axilite_b2s/SI_REG/b.b_pipe/p_1_in                                              |                                                                                                                                                       |                2 |             14 |         7.00 |
|  design_1_i/processing_system7_0/inst/FCLK_CLK0 | design_1_i/ps7_0_axi_periph/s00_couplers/auto_pc/inst/gen_axilite.gen_b2s_conv.axilite_b2s/SI_REG/b.b_pipe/s_ready_i_reg_0                                     |                                                                                                                                                       |                2 |             14 |         7.00 |
|  design_1_i/processing_system7_0/inst/FCLK_CLK0 | design_1_i/ps7_0_axi_periph/s00_couplers/auto_pc/inst/gen_axilite.gen_b2s_conv.axilite_b2s/WR.aw_channel_0/aw_cmd_fsm_0/m_axi_awready_0                        |                                                                                                                                                       |                3 |             16 |         5.33 |
|  design_1_i/processing_system7_0/inst/FCLK_CLK0 |                                                                                                                                                                | design_1_i/xadc_wiz_0/inst/AXI_XADC_CORE_I/do_reg[15]_i_1_n_0                                                                                         |                3 |             16 |         5.33 |
|  design_1_i/processing_system7_0/inst/FCLK_CLK0 | design_1_i/xadc_wiz_0/inst/AXI_XADC_CORE_I/Inst_drp_arbiter/do_A_reg[15]_i_1_n_0                                                                               | design_1_i/xadc_wiz_0/inst/AXI_XADC_CORE_I/Inst_drp_arbiter/AR[0]                                                                                     |                2 |             16 |         8.00 |
|  design_1_i/processing_system7_0/inst/FCLK_CLK0 | design_1_i/xadc_wiz_0/inst/AXI_XADC_CORE_I/Inst_drp_arbiter/do_B_reg[15]_i_1_n_0                                                                               | design_1_i/xadc_wiz_0/inst/AXI_XADC_CORE_I/Inst_drp_arbiter/AR[0]                                                                                     |                3 |             16 |         5.33 |
|  design_1_i/processing_system7_0/inst/FCLK_CLK0 |                                                                                                                                                                | design_1_i/ps7_0_axi_periph/xbar/inst/gen_sasd.crossbar_sasd_0/addr_arbiter_inst/SR[0]                                                                |                7 |             17 |         2.43 |
|  design_1_i/processing_system7_0/inst/FCLK_CLK0 | design_1_i/xadc_wiz_0/inst/AXI_LITE_IPIF_I/I_SLAVE_ATTACHMENT/I_DECODER/E[0]                                                                                   | design_1_i/xadc_wiz_0/inst/AXI_LITE_IPIF_I/I_SLAVE_ATTACHMENT/reset2ip_reset                                                                          |                6 |             17 |         2.83 |
|  design_1_i/processing_system7_0/inst/FCLK_CLK0 | design_1_i/pid_controller_0/inst/pid_inst/ADD_UNIT/A_exp_s0                                                                                                    |                                                                                                                                                       |                6 |             18 |         3.00 |
|  design_1_i/processing_system7_0/inst/FCLK_CLK0 | design_1_i/pid_controller_0/inst/pid_inst/MUL_UNIT/CEA2                                                                                                        |                                                                                                                                                       |                5 |             18 |         3.60 |
|  design_1_i/processing_system7_0/inst/FCLK_CLK0 |                                                                                                                                                                | design_1_i/axi_gpio_done/U0/AXI_LITE_IPIF_I/I_SLAVE_ATTACHMENT/SS[0]                                                                                  |                6 |             20 |         3.33 |
|  design_1_i/processing_system7_0/inst/FCLK_CLK0 |                                                                                                                                                                | design_1_i/axi_gpio_rst_conv/U0/AXI_LITE_IPIF_I/I_SLAVE_ATTACHMENT/SS[0]                                                                              |                6 |             20 |         3.33 |
|  design_1_i/processing_system7_0/inst/FCLK_CLK0 |                                                                                                                                                                | design_1_i/axi_gpio_start/U0/AXI_LITE_IPIF_I/I_SLAVE_ATTACHMENT/SS[0]                                                                                 |                5 |             20 |         4.00 |
|  design_1_i/processing_system7_0/inst/FCLK_CLK0 | design_1_i/xadc_wiz_0/inst/AXI_LITE_IPIF_I/I_SLAVE_ATTACHMENT/s_axi_rresp_i                                                                                    | design_1_i/xadc_wiz_0/inst/AXI_LITE_IPIF_I/I_SLAVE_ATTACHMENT/SR[0]                                                                                   |                6 |             20 |         3.33 |
|  design_1_i/processing_system7_0/inst/FCLK_CLK0 |                                                                                                                                                                | design_1_i/axi_gpio_rst_fp/U0/AXI_LITE_IPIF_I/I_SLAVE_ATTACHMENT/SS[0]                                                                                |                6 |             20 |         3.33 |
|  design_1_i/processing_system7_0/inst/FCLK_CLK0 | design_1_i/pid_controller_0/inst/conv_inst/fp_exp_u0                                                                                                           | design_1_i/pid_controller_0/inst/conv_inst/fp_mant_u[22]_i_1_n_0                                                                                      |               10 |             21 |         2.10 |
|  design_1_i/processing_system7_0/inst/FCLK_CLK0 | design_1_i/ps7_0_axi_periph/s00_couplers/auto_pc/inst/gen_axilite.gen_b2s_conv.axilite_b2s/RD.ar_channel_0/ar_cmd_fsm_0/m_axi_arready_2                        |                                                                                                                                                       |                7 |             21 |         3.00 |
|  design_1_i/processing_system7_0/inst/FCLK_CLK0 |                                                                                                                                                                | design_1_i/axi_gpio_leds/U0/AXI_LITE_IPIF_I/I_SLAVE_ATTACHMENT/SR[0]                                                                                  |                6 |             22 |         3.67 |
|  design_1_i/processing_system7_0/inst/FCLK_CLK0 |                                                                                                                                                                | design_1_i/pid_controller_0/inst/servo_inst/clear                                                                                                     |                6 |             22 |         3.67 |
|  design_1_i/processing_system7_0/inst/FCLK_CLK0 | design_1_i/pid_controller_0/inst/pid_inst/DIV_UNIT/result[21]_i_2_n_0                                                                                          | design_1_i/pid_controller_0/inst/pid_inst/DIV_UNIT/result[21]_i_1_n_0                                                                                 |               10 |             22 |         2.20 |
|  design_1_i/processing_system7_0/inst/FCLK_CLK0 | design_1_i/pid_controller_0/inst/pid_inst/DIV_UNIT/mantNorm                                                                                                    |                                                                                                                                                       |               10 |             23 |         2.30 |
|  design_1_i/processing_system7_0/inst/FCLK_CLK0 | design_1_i/pid_controller_0/inst/pid_inst/DIV_UNIT/mantNorm_temp                                                                                               |                                                                                                                                                       |                7 |             23 |         3.29 |
|  design_1_i/processing_system7_0/inst/FCLK_CLK0 | design_1_i/ps7_0_axi_periph/xbar/inst/gen_sasd.crossbar_sasd_0/addr_arbiter_inst/p_0_in1_in                                                                    | design_1_i/ps7_0_axi_periph/xbar/inst/gen_sasd.crossbar_sasd_0/addr_arbiter_inst/SR[0]                                                                |                8 |             24 |         3.00 |
|  design_1_i/processing_system7_0/inst/FCLK_CLK0 | design_1_i/ps7_0_axi_periph/s00_couplers/auto_pc/inst/gen_axilite.gen_b2s_conv.axilite_b2s/WR.aw_channel_0/aw_cmd_fsm_0/FSM_sequential_state_reg[0]_1          |                                                                                                                                                       |                9 |             24 |         2.67 |
|  design_1_i/processing_system7_0/inst/FCLK_CLK0 |                                                                                                                                                                | design_1_i/axi_gpio_pwm_val/U0/AXI_LITE_IPIF_I/I_SLAVE_ATTACHMENT/SR[0]                                                                               |                8 |             24 |         3.00 |
|  design_1_i/processing_system7_0/inst/FCLK_CLK0 | design_1_i/pid_controller_0/inst/pid_inst/MUL_UNIT/result[30]_i_1__0_n_0                                                                                       | design_1_i/pid_controller_0/inst/pid_inst/MUL_UNIT/result[31]_i_1__1_n_0                                                                              |                9 |             24 |         2.67 |
|  design_1_i/processing_system7_0/inst/FCLK_CLK0 | design_1_i/xadc_wiz_0/inst/AXI_XADC_CORE_I/Inst_drp_arbiter/dwe_reg_i_1_n_0                                                                                    | design_1_i/xadc_wiz_0/inst/AXI_XADC_CORE_I/Inst_drp_arbiter/AR[0]                                                                                     |                8 |             25 |         3.12 |
|  design_1_i/processing_system7_0/inst/FCLK_CLK0 | design_1_i/xadc_wiz_0/inst/AXI_LITE_IPIF_I/I_SLAVE_ATTACHMENT/I_DECODER/start                                                                                  | design_1_i/xadc_wiz_0/inst/AXI_LITE_IPIF_I/I_SLAVE_ATTACHMENT/I_DECODER/cs_ce_clr                                                                     |                7 |             25 |         3.57 |
|  design_1_i/processing_system7_0/inst/FCLK_CLK0 | design_1_i/pid_controller_0/inst/pid_inst/DIV_UNIT/mantQuot                                                                                                    |                                                                                                                                                       |               25 |             25 |         1.00 |
|  design_1_i/processing_system7_0/inst/FCLK_CLK0 | design_1_i/xadc_wiz_0/inst/AXI_XADC_CORE_I/Inst_drp_arbiter/daddr_C_reg[6]_i_1_n_0                                                                             | design_1_i/xadc_wiz_0/inst/AXI_XADC_CORE_I/Inst_drp_arbiter/AR[0]                                                                                     |                8 |             25 |         3.12 |
|  design_1_i/processing_system7_0/inst/FCLK_CLK0 | design_1_i/pid_controller_0/inst/conv_inst/working_int[31]_i_1_n_0                                                                                             | design_1_i/axi_gpio_rst_fp/U0/gpio_core_1/gpio_io_o[0]                                                                                                |               13 |             25 |         1.92 |
|  design_1_i/processing_system7_0/inst/FCLK_CLK0 | design_1_i/pid_controller_0/inst/pwm_inst/mult_inst/produs[24]_i_1_n_0                                                                                         | design_1_i/axi_gpio_rst_conv/U0/gpio_core_1/gpio_io_o[0]                                                                                              |                4 |             25 |         6.25 |
|  design_1_i/processing_system7_0/inst/FCLK_CLK0 | design_1_i/pid_controller_0/inst/pwm_inst/mult_inst/rezultat0                                                                                                  |                                                                                                                                                       |                7 |             25 |         3.57 |
|  design_1_i/processing_system7_0/inst/FCLK_CLK0 |                                                                                                                                                                | design_1_i/xadc_wiz_0/inst/AXI_LITE_IPIF_I/I_SLAVE_ATTACHMENT/SR[0]                                                                                   |                8 |             26 |         3.25 |
|  design_1_i/processing_system7_0/inst/FCLK_CLK0 | design_1_i/pid_controller_0/inst/pid_inst/ADD_UNIT/A_mantissa_ext0                                                                                             |                                                                                                                                                       |               15 |             27 |         1.80 |
|  design_1_i/processing_system7_0/inst/FCLK_CLK0 | design_1_i/pid_controller_0/inst/pid_inst/ADD_UNIT/B_mantissa_ext0                                                                                             |                                                                                                                                                       |               16 |             27 |         1.69 |
|  design_1_i/processing_system7_0/inst/FCLK_CLK0 |                                                                                                                                                                | design_1_i/axi_gpio_pot_val/U0/AXI_LITE_IPIF_I/I_SLAVE_ATTACHMENT/SR[0]                                                                               |                8 |             28 |         3.50 |
|  design_1_i/processing_system7_0/inst/FCLK_CLK0 | design_1_i/pid_controller_0/inst/pid_inst/ADD_UNIT/final_mantissa[28]_i_1_n_0                                                                                  |                                                                                                                                                       |               19 |             29 |         1.53 |
|  design_1_i/processing_system7_0/inst/FCLK_CLK0 | design_1_i/pid_controller_0/inst/conv_inst/FSM_onehot_state_reg_n_0_[2]                                                                                        | design_1_i/axi_gpio_rst_fp/U0/gpio_core_1/gpio_io_o[0]                                                                                                |               11 |             30 |         2.73 |
|  design_1_i/processing_system7_0/inst/FCLK_CLK0 | design_1_i/pid_controller_0/inst/pid_inst/MUL_UNIT/final_mant_0                                                                                                |                                                                                                                                                       |                8 |             31 |         3.88 |
|  design_1_i/processing_system7_0/inst/FCLK_CLK0 | design_1_i/pid_controller_0/inst/pid_inst/ADD_UNIT/result0                                                                                                     | design_1_i/pid_controller_0/inst/pid_inst/ADD_UNIT/result[30]_i_1_n_0                                                                                 |                9 |             31 |         3.44 |
|  design_1_i/processing_system7_0/inst/FCLK_CLK0 | design_1_i/pid_controller_0/inst/pid_inst/ADD_UNIT/rst_fp_0[0]                                                                                                 |                                                                                                                                                       |                9 |             32 |         3.56 |
|  design_1_i/processing_system7_0/inst/FCLK_CLK0 | design_1_i/pid_controller_0/inst/pid_inst/ADD_UNIT/FSM_sequential_state_reg[1]_rep[0]                                                                          | design_1_i/axi_gpio_rst_fp/U0/gpio_core_1/gpio_io_o[0]                                                                                                |               13 |             32 |         2.46 |
|  design_1_i/processing_system7_0/inst/FCLK_CLK0 | design_1_i/pid_controller_0/inst/pid_inst/ADD_UNIT/FSM_sequential_state_reg[2]_0[0]                                                                            |                                                                                                                                                       |               10 |             32 |         3.20 |
|  design_1_i/processing_system7_0/inst/FCLK_CLK0 | design_1_i/pid_controller_0/inst/pid_inst/ADD_UNIT/FSM_sequential_state_reg[2]_1[0]                                                                            |                                                                                                                                                       |               11 |             32 |         2.91 |
|  design_1_i/processing_system7_0/inst/FCLK_CLK0 | design_1_i/pid_controller_0/inst/pid_inst/ADD_UNIT/E[0]                                                                                                        |                                                                                                                                                       |               10 |             32 |         3.20 |
|  design_1_i/processing_system7_0/inst/FCLK_CLK0 | design_1_i/pid_controller_0/inst/pid_inst/DIV_UNIT/E[0]                                                                                                        |                                                                                                                                                       |                7 |             32 |         4.57 |
|  design_1_i/processing_system7_0/inst/FCLK_CLK0 | design_1_i/pid_controller_0/inst/pid_inst/MUL_UNIT/rst_fp_0[0]                                                                                                 |                                                                                                                                                       |               14 |             32 |         2.29 |
|  design_1_i/processing_system7_0/inst/FCLK_CLK0 | design_1_i/pid_controller_0/inst/pid_inst/error_n_1                                                                                                            | design_1_i/axi_gpio_rst_fp/U0/gpio_core_1/gpio_io_o[0]                                                                                                |               11 |             32 |         2.91 |
|  design_1_i/processing_system7_0/inst/FCLK_CLK0 | design_1_i/pid_controller_0/inst/pid_inst/ADD_UNIT/FSM_sequential_state_reg[1]_0[0]                                                                            | design_1_i/axi_gpio_rst_fp/U0/gpio_core_1/gpio_io_o[0]                                                                                                |               12 |             32 |         2.67 |
|  design_1_i/processing_system7_0/inst/FCLK_CLK0 | design_1_i/ps7_0_axi_periph/s00_couplers/auto_pc/inst/gen_axilite.gen_b2s_conv.axilite_b2s/RD.r_channel_0/rd_data_fifo_0/wr_en0                                |                                                                                                                                                       |                9 |             34 |         3.78 |
|  design_1_i/processing_system7_0/inst/FCLK_CLK0 | design_1_i/ps7_0_axi_periph/xbar/inst/gen_sasd.crossbar_sasd_0/addr_arbiter_inst/E[0]                                                                          |                                                                                                                                                       |               10 |             35 |         3.50 |
|  design_1_i/processing_system7_0/inst/FCLK_CLK0 | design_1_i/pid_controller_0/inst/pwm_inst/mult_inst/contor[3]_i_1_n_0                                                                                          | design_1_i/axi_gpio_rst_conv/U0/gpio_core_1/gpio_io_o[0]                                                                                              |                5 |             37 |         7.40 |
|  design_1_i/processing_system7_0/inst/FCLK_CLK0 | design_1_i/pid_controller_0/inst/pwm_inst/div_inst/R[24]_i_1_n_0                                                                                               | design_1_i/axi_gpio_rst_conv/U0/gpio_core_1/gpio_io_o[0]                                                                                              |                8 |             41 |         5.12 |
|  design_1_i/processing_system7_0/inst/FCLK_CLK0 | design_1_i/ps7_0_axi_periph/s00_couplers/auto_pc/inst/gen_axilite.gen_b2s_conv.axilite_b2s/SI_REG/r.r_pipe/p_1_in                                              |                                                                                                                                                       |                7 |             47 |         6.71 |
|  design_1_i/processing_system7_0/inst/FCLK_CLK0 | design_1_i/ps7_0_axi_periph/s00_couplers/auto_pc/inst/gen_axilite.gen_b2s_conv.axilite_b2s/SI_REG/r.r_pipe/s_ready_i_reg_0                                     |                                                                                                                                                       |                9 |             47 |         5.22 |
|  design_1_i/processing_system7_0/inst/FCLK_CLK0 | design_1_i/ps7_0_axi_periph/s00_couplers/auto_pc/inst/gen_axilite.gen_b2s_conv.axilite_b2s/SI_REG/aw.aw_pipe/s_ready_i_reg_0                                   |                                                                                                                                                       |                9 |             48 |         5.33 |
|  design_1_i/processing_system7_0/inst/FCLK_CLK0 | design_1_i/ps7_0_axi_periph/s00_couplers/auto_pc/inst/gen_axilite.gen_b2s_conv.axilite_b2s/RD.ar_channel_0/ar_cmd_fsm_0/m_valid_i_reg[0]                       |                                                                                                                                                       |               10 |             48 |         4.80 |
|  design_1_i/processing_system7_0/inst/FCLK_CLK0 | design_1_i/ps7_0_axi_periph/s00_couplers/auto_pc/inst/gen_axilite.gen_b2s_conv.axilite_b2s/SI_REG/ar.ar_pipe/s_ready_i_reg_0                                   |                                                                                                                                                       |               11 |             48 |         4.36 |
|  design_1_i/processing_system7_0/inst/FCLK_CLK0 | design_1_i/ps7_0_axi_periph/s00_couplers/auto_pc/inst/gen_axilite.gen_b2s_conv.axilite_b2s/WR.aw_channel_0/aw_cmd_fsm_0/E[0]                                   |                                                                                                                                                       |                8 |             48 |         6.00 |
|  design_1_i/processing_system7_0/inst/FCLK_CLK0 | design_1_i/pid_controller_0/inst/pid_inst/MUL_UNIT/E[0]                                                                                                        |                                                                                                                                                       |               39 |             64 |         1.64 |
|  design_1_i/processing_system7_0/inst/FCLK_CLK0 | design_1_i/pid_controller_0/inst/pid_inst/DIV_UNIT/signA                                                                                                       |                                                                                                                                                       |               39 |             66 |         1.69 |
|  design_1_i/processing_system7_0/inst/FCLK_CLK0 |                                                                                                                                                                | design_1_i/xadc_wiz_0/inst/AXI_LITE_IPIF_I/I_SLAVE_ATTACHMENT/reset2ip_reset                                                                          |               27 |            115 |         4.26 |
|  design_1_i/processing_system7_0/inst/FCLK_CLK0 |                                                                                                                                                                |                                                                                                                                                       |              103 |            257 |         2.50 |
+-------------------------------------------------+----------------------------------------------------------------------------------------------------------------------------------------------------------------+-------------------------------------------------------------------------------------------------------------------------------------------------------+------------------+----------------+--------------+


