Copyright 1986-2022 Xilinx, Inc. All Rights Reserved. Copyright 2022-2024 Advanced Micro Devices, Inc. All Rights Reserved.
--------------------------------------------------------------------------------------------------------------------------------------------------------------------------------------
| Tool Version : Vivado v.2024.1 (win64) Build 5076996 Wed May 22 18:37:14 MDT 2024
| Date         : Wed Jan 21 14:39:04 2026
| Host         : Zbook running 64-bit major release  (build 9200)
| Command      : report_methodology -file design_1_wrapper_methodology_drc_routed.rpt -pb design_1_wrapper_methodology_drc_routed.pb -rpx design_1_wrapper_methodology_drc_routed.rpx
| Design       : design_1_wrapper
| Device       : xc7z020clg400-1
| Speed File   : -1
| Design State : Fully Routed
--------------------------------------------------------------------------------------------------------------------------------------------------------------------------------------

Report Methodology

Table of Contents
-----------------
1. REPORT SUMMARY
2. REPORT DETAILS

1. REPORT SUMMARY
-----------------
            Netlist: netlist
          Floorplan: design_1
      Design limits: <entire design considered>
             Max violations: <unlimited>
             Violations found: 30
+-----------+----------+-------------------------------+------------+
| Rule      | Severity | Description                   | Violations |
+-----------+----------+-------------------------------+------------+
| LUTAR-1   | Warning  | LUT drives async reset alert  | 1          |
| TIMING-16 | Warning  | Large setup violation         | 25         |
| TIMING-18 | Warning  | Missing input or output delay | 4          |
+-----------+----------+-------------------------------+------------+

2. REPORT DETAILS
-----------------
LUTAR-1#1 Warning
LUT drives async reset alert  
LUT cell design_1_i/xadc_wiz_0/inst/AXI_XADC_CORE_I/Inst_drp_arbiter/FIFO18E1_inst_data_i_2, with 2 or more inputs, drives asynchronous preset/clear pin(s) design_1_i/xadc_wiz_0/inst/AXI_XADC_CORE_I/axi4_stream_inst/FSM_sequential_state_reg[0]/CLR,
design_1_i/xadc_wiz_0/inst/AXI_XADC_CORE_I/axi4_stream_inst/FSM_sequential_state_reg[1]/CLR,
design_1_i/xadc_wiz_0/inst/AXI_XADC_CORE_I/axi4_stream_inst/FSM_sequential_state_reg[2]/CLR,
design_1_i/xadc_wiz_0/inst/AXI_XADC_CORE_I/axi4_stream_inst/FSM_sequential_state_reg[3]/CLR,
design_1_i/xadc_wiz_0/inst/AXI_XADC_CORE_I/axi4_stream_inst/busy_o_reg/CLR,
design_1_i/xadc_wiz_0/inst/AXI_XADC_CORE_I/axi4_stream_inst/channel_id_reg[0]/CLR,
design_1_i/xadc_wiz_0/inst/AXI_XADC_CORE_I/axi4_stream_inst/channel_id_reg[1]/CLR,
design_1_i/xadc_wiz_0/inst/AXI_XADC_CORE_I/axi4_stream_inst/channel_id_reg[2]/CLR,
design_1_i/xadc_wiz_0/inst/AXI_XADC_CORE_I/axi4_stream_inst/channel_id_reg[3]/CLR,
design_1_i/xadc_wiz_0/inst/AXI_XADC_CORE_I/axi4_stream_inst/channel_id_reg[4]/CLR,
design_1_i/xadc_wiz_0/inst/AXI_XADC_CORE_I/axi4_stream_inst/channel_id_reg[6]/CLR,
design_1_i/xadc_wiz_0/inst/AXI_XADC_CORE_I/axi4_stream_inst/den_o_reg/CLR,
design_1_i/xadc_wiz_0/inst/AXI_XADC_CORE_I/axi4_stream_inst/mode_change_sig_reset_reg/CLR,
design_1_i/xadc_wiz_0/inst/AXI_XADC_CORE_I/axi4_stream_inst/valid_data_wren_reg/CLR,
design_1_i/xadc_wiz_0/inst/AXI_XADC_CORE_I/mode_change_reg/CLR
 (the first 15 of 104 listed). The LUT may glitch and trigger an unexpected reset, even if it is a properly timed path.
Related violations: <none>

TIMING-16#1 Warning
Large setup violation  
There is a large setup violation of -38.408 ns between design_1_i/pid_controller_0/inst/pid_inst/DIV_UNIT/mantB_reg[0]_replica/C (clocked by clk_fpga_0) and design_1_i/pid_controller_0/inst/pid_inst/DIV_UNIT/mantQuot_reg[24]/D (clocked by clk_fpga_0). Large setup violations at the end of those stages might be difficult to fix during the post-placement implementation flow and could be the result of non-optimal XDC constraints or non-optimal design architecture
Related violations: <none>

TIMING-16#2 Warning
Large setup violation  
There is a large setup violation of -40.842 ns between design_1_i/pid_controller_0/inst/pid_inst/DIV_UNIT/mantB_reg[0]_replica/C (clocked by clk_fpga_0) and design_1_i/pid_controller_0/inst/pid_inst/DIV_UNIT/mantQuot_reg[23]/D (clocked by clk_fpga_0). Large setup violations at the end of those stages might be difficult to fix during the post-placement implementation flow and could be the result of non-optimal XDC constraints or non-optimal design architecture
Related violations: <none>

TIMING-16#3 Warning
Large setup violation  
There is a large setup violation of -43.235 ns between design_1_i/pid_controller_0/inst/pid_inst/DIV_UNIT/mantB_reg[0]_replica/C (clocked by clk_fpga_0) and design_1_i/pid_controller_0/inst/pid_inst/DIV_UNIT/mantQuot_reg[22]/D (clocked by clk_fpga_0). Large setup violations at the end of those stages might be difficult to fix during the post-placement implementation flow and could be the result of non-optimal XDC constraints or non-optimal design architecture
Related violations: <none>

TIMING-16#4 Warning
Large setup violation  
There is a large setup violation of -45.713 ns between design_1_i/pid_controller_0/inst/pid_inst/DIV_UNIT/mantB_reg[0]_replica/C (clocked by clk_fpga_0) and design_1_i/pid_controller_0/inst/pid_inst/DIV_UNIT/mantQuot_reg[21]/D (clocked by clk_fpga_0). Large setup violations at the end of those stages might be difficult to fix during the post-placement implementation flow and could be the result of non-optimal XDC constraints or non-optimal design architecture
Related violations: <none>

TIMING-16#5 Warning
Large setup violation  
There is a large setup violation of -48.214 ns between design_1_i/pid_controller_0/inst/pid_inst/DIV_UNIT/mantB_reg[0]_replica/C (clocked by clk_fpga_0) and design_1_i/pid_controller_0/inst/pid_inst/DIV_UNIT/mantQuot_reg[20]/D (clocked by clk_fpga_0). Large setup violations at the end of those stages might be difficult to fix during the post-placement implementation flow and could be the result of non-optimal XDC constraints or non-optimal design architecture
Related violations: <none>

TIMING-16#6 Warning
Large setup violation  
There is a large setup violation of -50.661 ns between design_1_i/pid_controller_0/inst/pid_inst/DIV_UNIT/mantB_reg[0]_replica/C (clocked by clk_fpga_0) and design_1_i/pid_controller_0/inst/pid_inst/DIV_UNIT/mantQuot_reg[19]/D (clocked by clk_fpga_0). Large setup violations at the end of those stages might be difficult to fix during the post-placement implementation flow and could be the result of non-optimal XDC constraints or non-optimal design architecture
Related violations: <none>

TIMING-16#7 Warning
Large setup violation  
There is a large setup violation of -53.139 ns between design_1_i/pid_controller_0/inst/pid_inst/DIV_UNIT/mantB_reg[0]_replica/C (clocked by clk_fpga_0) and design_1_i/pid_controller_0/inst/pid_inst/DIV_UNIT/mantQuot_reg[18]/D (clocked by clk_fpga_0). Large setup violations at the end of those stages might be difficult to fix during the post-placement implementation flow and could be the result of non-optimal XDC constraints or non-optimal design architecture
Related violations: <none>

TIMING-16#8 Warning
Large setup violation  
There is a large setup violation of -55.454 ns between design_1_i/pid_controller_0/inst/pid_inst/DIV_UNIT/mantB_reg[0]_replica/C (clocked by clk_fpga_0) and design_1_i/pid_controller_0/inst/pid_inst/DIV_UNIT/mantQuot_reg[17]/D (clocked by clk_fpga_0). Large setup violations at the end of those stages might be difficult to fix during the post-placement implementation flow and could be the result of non-optimal XDC constraints or non-optimal design architecture
Related violations: <none>

TIMING-16#9 Warning
Large setup violation  
There is a large setup violation of -57.960 ns between design_1_i/pid_controller_0/inst/pid_inst/DIV_UNIT/mantB_reg[0]_replica/C (clocked by clk_fpga_0) and design_1_i/pid_controller_0/inst/pid_inst/DIV_UNIT/mantQuot_reg[16]/D (clocked by clk_fpga_0). Large setup violations at the end of those stages might be difficult to fix during the post-placement implementation flow and could be the result of non-optimal XDC constraints or non-optimal design architecture
Related violations: <none>

TIMING-16#10 Warning
Large setup violation  
There is a large setup violation of -60.533 ns between design_1_i/pid_controller_0/inst/pid_inst/DIV_UNIT/mantB_reg[0]_replica/C (clocked by clk_fpga_0) and design_1_i/pid_controller_0/inst/pid_inst/DIV_UNIT/mantQuot_reg[15]/D (clocked by clk_fpga_0). Large setup violations at the end of those stages might be difficult to fix during the post-placement implementation flow and could be the result of non-optimal XDC constraints or non-optimal design architecture
Related violations: <none>

TIMING-16#11 Warning
Large setup violation  
There is a large setup violation of -62.968 ns between design_1_i/pid_controller_0/inst/pid_inst/DIV_UNIT/mantB_reg[0]_replica/C (clocked by clk_fpga_0) and design_1_i/pid_controller_0/inst/pid_inst/DIV_UNIT/mantQuot_reg[14]/D (clocked by clk_fpga_0). Large setup violations at the end of those stages might be difficult to fix during the post-placement implementation flow and could be the result of non-optimal XDC constraints or non-optimal design architecture
Related violations: <none>

TIMING-16#12 Warning
Large setup violation  
There is a large setup violation of -65.487 ns between design_1_i/pid_controller_0/inst/pid_inst/DIV_UNIT/mantB_reg[0]_replica/C (clocked by clk_fpga_0) and design_1_i/pid_controller_0/inst/pid_inst/DIV_UNIT/mantQuot_reg[13]/D (clocked by clk_fpga_0). Large setup violations at the end of those stages might be difficult to fix during the post-placement implementation flow and could be the result of non-optimal XDC constraints or non-optimal design architecture
Related violations: <none>

TIMING-16#13 Warning
Large setup violation  
There is a large setup violation of -68.137 ns between design_1_i/pid_controller_0/inst/pid_inst/DIV_UNIT/mantB_reg[0]_replica/C (clocked by clk_fpga_0) and design_1_i/pid_controller_0/inst/pid_inst/DIV_UNIT/mantQuot_reg[12]/D (clocked by clk_fpga_0). Large setup violations at the end of those stages might be difficult to fix during the post-placement implementation flow and could be the result of non-optimal XDC constraints or non-optimal design architecture
Related violations: <none>

TIMING-16#14 Warning
Large setup violation  
There is a large setup violation of -70.634 ns between design_1_i/pid_controller_0/inst/pid_inst/DIV_UNIT/mantB_reg[0]_replica/C (clocked by clk_fpga_0) and design_1_i/pid_controller_0/inst/pid_inst/DIV_UNIT/mantQuot_reg[11]/D (clocked by clk_fpga_0). Large setup violations at the end of those stages might be difficult to fix during the post-placement implementation flow and could be the result of non-optimal XDC constraints or non-optimal design architecture
Related violations: <none>

TIMING-16#15 Warning
Large setup violation  
There is a large setup violation of -72.965 ns between design_1_i/pid_controller_0/inst/pid_inst/DIV_UNIT/mantB_reg[0]_replica/C (clocked by clk_fpga_0) and design_1_i/pid_controller_0/inst/pid_inst/DIV_UNIT/mantQuot_reg[10]/D (clocked by clk_fpga_0). Large setup violations at the end of those stages might be difficult to fix during the post-placement implementation flow and could be the result of non-optimal XDC constraints or non-optimal design architecture
Related violations: <none>

TIMING-16#16 Warning
Large setup violation  
There is a large setup violation of -75.571 ns between design_1_i/pid_controller_0/inst/pid_inst/DIV_UNIT/mantB_reg[0]_replica/C (clocked by clk_fpga_0) and design_1_i/pid_controller_0/inst/pid_inst/DIV_UNIT/mantQuot_reg[9]/D (clocked by clk_fpga_0). Large setup violations at the end of those stages might be difficult to fix during the post-placement implementation flow and could be the result of non-optimal XDC constraints or non-optimal design architecture
Related violations: <none>

TIMING-16#17 Warning
Large setup violation  
There is a large setup violation of -77.922 ns between design_1_i/pid_controller_0/inst/pid_inst/DIV_UNIT/mantB_reg[0]_replica/C (clocked by clk_fpga_0) and design_1_i/pid_controller_0/inst/pid_inst/DIV_UNIT/mantQuot_reg[8]/D (clocked by clk_fpga_0). Large setup violations at the end of those stages might be difficult to fix during the post-placement implementation flow and could be the result of non-optimal XDC constraints or non-optimal design architecture
Related violations: <none>

TIMING-16#18 Warning
Large setup violation  
There is a large setup violation of -80.522 ns between design_1_i/pid_controller_0/inst/pid_inst/DIV_UNIT/mantB_reg[0]_replica/C (clocked by clk_fpga_0) and design_1_i/pid_controller_0/inst/pid_inst/DIV_UNIT/mantQuot_reg[7]/D (clocked by clk_fpga_0). Large setup violations at the end of those stages might be difficult to fix during the post-placement implementation flow and could be the result of non-optimal XDC constraints or non-optimal design architecture
Related violations: <none>

TIMING-16#19 Warning
Large setup violation  
There is a large setup violation of -83.080 ns between design_1_i/pid_controller_0/inst/pid_inst/DIV_UNIT/mantB_reg[0]_replica/C (clocked by clk_fpga_0) and design_1_i/pid_controller_0/inst/pid_inst/DIV_UNIT/mantQuot_reg[6]/D (clocked by clk_fpga_0). Large setup violations at the end of those stages might be difficult to fix during the post-placement implementation flow and could be the result of non-optimal XDC constraints or non-optimal design architecture
Related violations: <none>

TIMING-16#20 Warning
Large setup violation  
There is a large setup violation of -85.461 ns between design_1_i/pid_controller_0/inst/pid_inst/DIV_UNIT/mantB_reg[0]_replica/C (clocked by clk_fpga_0) and design_1_i/pid_controller_0/inst/pid_inst/DIV_UNIT/mantQuot_reg[5]/D (clocked by clk_fpga_0). Large setup violations at the end of those stages might be difficult to fix during the post-placement implementation flow and could be the result of non-optimal XDC constraints or non-optimal design architecture
Related violations: <none>

TIMING-16#21 Warning
Large setup violation  
There is a large setup violation of -88.075 ns between design_1_i/pid_controller_0/inst/pid_inst/DIV_UNIT/mantB_reg[0]_replica/C (clocked by clk_fpga_0) and design_1_i/pid_controller_0/inst/pid_inst/DIV_UNIT/mantQuot_reg[4]/D (clocked by clk_fpga_0). Large setup violations at the end of those stages might be difficult to fix during the post-placement implementation flow and could be the result of non-optimal XDC constraints or non-optimal design architecture
Related violations: <none>

TIMING-16#22 Warning
Large setup violation  
There is a large setup violation of -90.461 ns between design_1_i/pid_controller_0/inst/pid_inst/DIV_UNIT/mantB_reg[0]_replica/C (clocked by clk_fpga_0) and design_1_i/pid_controller_0/inst/pid_inst/DIV_UNIT/mantQuot_reg[3]/D (clocked by clk_fpga_0). Large setup violations at the end of those stages might be difficult to fix during the post-placement implementation flow and could be the result of non-optimal XDC constraints or non-optimal design architecture
Related violations: <none>

TIMING-16#23 Warning
Large setup violation  
There is a large setup violation of -92.929 ns between design_1_i/pid_controller_0/inst/pid_inst/DIV_UNIT/mantB_reg[0]_replica/C (clocked by clk_fpga_0) and design_1_i/pid_controller_0/inst/pid_inst/DIV_UNIT/mantQuot_reg[2]/D (clocked by clk_fpga_0). Large setup violations at the end of those stages might be difficult to fix during the post-placement implementation flow and could be the result of non-optimal XDC constraints or non-optimal design architecture
Related violations: <none>

TIMING-16#24 Warning
Large setup violation  
There is a large setup violation of -95.530 ns between design_1_i/pid_controller_0/inst/pid_inst/DIV_UNIT/mantB_reg[0]_replica/C (clocked by clk_fpga_0) and design_1_i/pid_controller_0/inst/pid_inst/DIV_UNIT/mantQuot_reg[1]/D (clocked by clk_fpga_0). Large setup violations at the end of those stages might be difficult to fix during the post-placement implementation flow and could be the result of non-optimal XDC constraints or non-optimal design architecture
Related violations: <none>

TIMING-16#25 Warning
Large setup violation  
There is a large setup violation of -98.094 ns between design_1_i/pid_controller_0/inst/pid_inst/DIV_UNIT/mantB_reg[0]_replica/C (clocked by clk_fpga_0) and design_1_i/pid_controller_0/inst/pid_inst/DIV_UNIT/mantQuot_reg[0]/D (clocked by clk_fpga_0). Large setup violations at the end of those stages might be difficult to fix during the post-placement implementation flow and could be the result of non-optimal XDC constraints or non-optimal design architecture
Related violations: <none>

TIMING-18#1 Warning
Missing input or output delay  
An output delay is missing on leds_4bits[0] relative to the rising and/or falling clock edge(s) of clk_fpga_0.
Related violations: <none>

TIMING-18#2 Warning
Missing input or output delay  
An output delay is missing on leds_4bits[1] relative to the rising and/or falling clock edge(s) of clk_fpga_0.
Related violations: <none>

TIMING-18#3 Warning
Missing input or output delay  
An output delay is missing on leds_4bits[2] relative to the rising and/or falling clock edge(s) of clk_fpga_0.
Related violations: <none>

TIMING-18#4 Warning
Missing input or output delay  
An output delay is missing on leds_4bits[3] relative to the rising and/or falling clock edge(s) of clk_fpga_0.
Related violations: <none>


