Copyright 1986-2022 Xilinx, Inc. All Rights Reserved. Copyright 2022-2024 Advanced Micro Devices, Inc. All Rights Reserved.
---------------------------------------------------------------------------------------------------------------------------------------------
| Tool Version : Vivado v.2024.1 (win64) Build 5076996 Wed May 22 18:37:14 MDT 2024
| Date         : Tue Nov 18 19:09:48 2025
| Host         : Zbook running 64-bit major release  (build 9200)
| Command      : report_control_sets -verbose -file top_system_control_sets_placed.rpt
| Design       : top_system
| Device       : xc7z020
---------------------------------------------------------------------------------------------------------------------------------------------

Control Set Information

Table of Contents
-----------------
1. Summary
2. Histogram
3. Flip-Flop Distribution
4. Detailed Control Set Information

1. Summary
----------

+----------------------------------------------------------+-------+
|                          Status                          | Count |
+----------------------------------------------------------+-------+
| Total control sets                                       |    16 |
|    Minimum number of control sets                        |    16 |
|    Addition due to synthesis replication                 |     0 |
|    Addition due to physical synthesis replication        |     0 |
| Unused register locations in slices containing registers |    62 |
+----------------------------------------------------------+-------+
* Control sets can be merged at opt_design using control_set_merge or merge_equivalent_drivers
** Run report_qor_suggestions for automated merging and remapping suggestions


2. Histogram
------------

+--------------------+-------+
|       Fanout       | Count |
+--------------------+-------+
| Total control sets |    16 |
| >= 0 to < 4        |     3 |
| >= 4 to < 6        |     1 |
| >= 6 to < 8        |     1 |
| >= 8 to < 10       |     2 |
| >= 10 to < 12      |     0 |
| >= 12 to < 14      |     0 |
| >= 14 to < 16      |     0 |
| >= 16              |     9 |
+--------------------+-------+
* Control sets can be remapped at either synth_design or opt_design


3. Flip-Flop Distribution
-------------------------

+--------------+-----------------------+------------------------+-----------------+--------------+
| Clock Enable | Synchronous Set/Reset | Asynchronous Set/Reset | Total Registers | Total Slices |
+--------------+-----------------------+------------------------+-----------------+--------------+
| No           | No                    | No                     |               4 |            4 |
| No           | No                    | Yes                    |               7 |            2 |
| No           | Yes                   | No                     |               0 |            0 |
| Yes          | No                    | No                     |             163 |           88 |
| Yes          | No                    | Yes                    |             108 |           24 |
| Yes          | Yes                   | No                     |               0 |            0 |
+--------------+-----------------------+------------------------+-----------------+--------------+


4. Detailed Control Set Information
-----------------------------------

+----------------+------------------------------------------------+------------------+------------------+----------------+--------------+
|  Clock Signal  |                  Enable Signal                 | Set/Reset Signal | Slice Load Count | Bel Load Count | Bels / Slice |
+----------------+------------------------------------------------+------------------+------------------+----------------+--------------+
|  clk_IBUF_BUFG | pwm_inst/div_inst/FSM_onehot_state_reg_n_0_[2] | rst_conv_IBUF    |                1 |              1 |         1.00 |
|  clk_IBUF_BUFG | fp_inst/done_i_1_n_0                           | rst_fp_IBUF      |                1 |              1 |         1.00 |
|  clk_IBUF_BUFG | fp_inst/FSM_sequential_state[2]_i_1_n_0        | rst_fp_IBUF      |                3 |              3 |         1.00 |
|  clk_IBUF_BUFG |                                                |                  |                4 |              4 |         1.00 |
|  clk_IBUF_BUFG |                                                | rst_conv_IBUF    |                2 |              7 |         3.50 |
|  clk_IBUF_BUFG | pwm_inst/div_inst/quotient0                    |                  |                2 |              8 |         4.00 |
|  clk_IBUF_BUFG | fp_inst/sum_exp0                               |                  |                3 |              8 |         2.67 |
|  clk_IBUF_BUFG | fp_inst/A_exp0                                 |                  |                5 |             17 |         3.40 |
|  clk_IBUF_BUFG | fp_inst/A_mantissa[24]_i_1_n_0                 |                  |               19 |             24 |         1.26 |
|  clk_IBUF_BUFG | fp_inst/B_mantissa[24]_i_1_n_0                 |                  |               21 |             24 |         1.14 |
|  clk_IBUF_BUFG | pwm_inst/mult_inst/rezultat0                   |                  |                6 |             25 |         4.17 |
|  clk_IBUF_BUFG | pwm_inst/mult_inst/produs[24]_i_1_n_0          | rst_conv_IBUF    |                4 |             25 |         6.25 |
|  clk_IBUF_BUFG | fp_inst/sum_mantissa0                          |                  |               18 |             25 |         1.39 |
|  clk_IBUF_BUFG | fp_inst/result0                                |                  |               14 |             32 |         2.29 |
|  clk_IBUF_BUFG | pwm_inst/mult_inst/contor[3]_i_1_n_0           | rst_conv_IBUF    |                7 |             37 |         5.29 |
|  clk_IBUF_BUFG | pwm_inst/div_inst/R[24]_i_1_n_0                | rst_conv_IBUF    |                8 |             41 |         5.12 |
+----------------+------------------------------------------------+------------------+------------------+----------------+--------------+


