Copyright 1986-2022 Xilinx, Inc. All Rights Reserved. Copyright 2022-2024 Advanced Micro Devices, Inc. All Rights Reserved.
---------------------------------------------------------------------------------------------------------------------------------------------------------------------------------------------------------------------------
| Tool Version : Vivado v.2024.1 (win64) Build 5076996 Wed May 22 18:37:14 MDT 2024
| Date         : Tue Nov 18 18:30:25 2025
| Host         : Zbook running 64-bit major release  (build 9200)
| Command      : report_timing_summary -max_paths 10 -report_unconstrained -file top_system_timing_summary_routed.rpt -pb top_system_timing_summary_routed.pb -rpx top_system_timing_summary_routed.rpx -warn_on_violation
| Design       : top_system
| Device       : 7z020-clg400
| Speed File   : -1  PRODUCTION 1.12 2019-11-22
| Design State : Routed
---------------------------------------------------------------------------------------------------------------------------------------------------------------------------------------------------------------------------

Timing Summary Report

------------------------------------------------------------------------------------------------
| Timer Settings
| --------------
------------------------------------------------------------------------------------------------

  Enable Multi Corner Analysis               :  Yes
  Enable Pessimism Removal                   :  Yes
  Pessimism Removal Resolution               :  Nearest Common Node
  Enable Input Delay Default Clock           :  No
  Enable Preset / Clear Arcs                 :  No
  Disable Flight Delays                      :  No
  Ignore I/O Paths                           :  No
  Timing Early Launch at Borrowing Latches   :  No
  Borrow Time for Max Delay Exceptions       :  Yes
  Merge Timing Exceptions                    :  Yes
  Inter-SLR Compensation                     :  Conservative

  Corner  Analyze    Analyze    
  Name    Max Paths  Min Paths  
  ------  ---------  ---------  
  Slow    Yes        Yes        
  Fast    Yes        Yes        


------------------------------------------------------------------------------------------------
| Report Methodology
| ------------------
------------------------------------------------------------------------------------------------

Rule       Severity          Description                  Violations  
---------  ----------------  ---------------------------  ----------  
TIMING-17  Critical Warning  Non-clocked sequential cell  282         

Note: This report is based on the most recent report_methodology run and may not be up-to-date. Run report_methodology on the current design for the latest report.



check_timing report

Table of Contents
-----------------
1. checking no_clock (282)
2. checking constant_clock (0)
3. checking pulse_width_clock (0)
4. checking unconstrained_internal_endpoints (667)
5. checking no_input_delay (80)
6. checking no_output_delay (42)
7. checking multiple_clock (0)
8. checking generated_clocks (0)
9. checking loops (0)
10. checking partial_input_delay (0)
11. checking partial_output_delay (0)
12. checking latch_loops (0)

1. checking no_clock (282)
--------------------------
 There are 282 register/latch pins with no clock driven by root clock pin: clk (HIGH)


2. checking constant_clock (0)
------------------------------
 There are 0 register/latch pins with constant_clock.


3. checking pulse_width_clock (0)
---------------------------------
 There are 0 register/latch pins which need pulse_width check


4. checking unconstrained_internal_endpoints (667)
--------------------------------------------------
 There are 667 pins that are not constrained for maximum delay. (HIGH)

 There are 0 pins that are not constrained for maximum delay due to constant clock.


5. checking no_input_delay (80)
-------------------------------
 There are 80 input ports with no input delay specified. (HIGH)

 There are 0 input ports with no input delay but user has a false path constraint.


6. checking no_output_delay (42)
--------------------------------
 There are 42 ports with no output delay specified. (HIGH)

 There are 0 ports with no output delay but user has a false path constraint

 There are 0 ports with no output delay but with a timing clock defined on it or propagating through it


7. checking multiple_clock (0)
------------------------------
 There are 0 register/latch pins with multiple clocks.


8. checking generated_clocks (0)
--------------------------------
 There are 0 generated clocks that are not connected to a clock source.


9. checking loops (0)
---------------------
 There are 0 combinational loops in the design.


10. checking partial_input_delay (0)
------------------------------------
 There are 0 input ports with partial input delay specified.


11. checking partial_output_delay (0)
-------------------------------------
 There are 0 ports with partial output delay specified.


12. checking latch_loops (0)
----------------------------
 There are 0 combinational latch loops in the design through latch input



------------------------------------------------------------------------------------------------
| Design Timing Summary
| ---------------------
------------------------------------------------------------------------------------------------

    WNS(ns)      TNS(ns)  TNS Failing Endpoints  TNS Total Endpoints      WHS(ns)      THS(ns)  THS Failing Endpoints  THS Total Endpoints     WPWS(ns)     TPWS(ns)  TPWS Failing Endpoints  TPWS Total Endpoints  
    -------      -------  ---------------------  -------------------      -------      -------  ---------------------  -------------------     --------     --------  ----------------------  --------------------  
        inf        0.000                      0                  709          inf        0.000                      0                  709           NA           NA                      NA                    NA  


There are no user specified timing constraints.


------------------------------------------------------------------------------------------------
| Clock Summary
| -------------
------------------------------------------------------------------------------------------------


------------------------------------------------------------------------------------------------
| Intra Clock Table
| -----------------
------------------------------------------------------------------------------------------------

Clock             WNS(ns)      TNS(ns)  TNS Failing Endpoints  TNS Total Endpoints      WHS(ns)      THS(ns)  THS Failing Endpoints  THS Total Endpoints     WPWS(ns)     TPWS(ns)  TPWS Failing Endpoints  TPWS Total Endpoints  
-----             -------      -------  ---------------------  -------------------      -------      -------  ---------------------  -------------------     --------     --------  ----------------------  --------------------  


------------------------------------------------------------------------------------------------
| Inter Clock Table
| -----------------
------------------------------------------------------------------------------------------------

From Clock    To Clock          WNS(ns)      TNS(ns)  TNS Failing Endpoints  TNS Total Endpoints      WHS(ns)      THS(ns)  THS Failing Endpoints  THS Total Endpoints  
----------    --------          -------      -------  ---------------------  -------------------      -------      -------  ---------------------  -------------------  


------------------------------------------------------------------------------------------------
| Other Path Groups Table
| -----------------------
------------------------------------------------------------------------------------------------

Path Group    From Clock    To Clock          WNS(ns)      TNS(ns)  TNS Failing Endpoints  TNS Total Endpoints      WHS(ns)      THS(ns)  THS Failing Endpoints  THS Total Endpoints  
----------    ----------    --------          -------      -------  ---------------------  -------------------      -------      -------  ---------------------  -------------------  


------------------------------------------------------------------------------------------------
| User Ignored Path Table
| -----------------------
------------------------------------------------------------------------------------------------

Path Group    From Clock    To Clock    
----------    ----------    --------    


------------------------------------------------------------------------------------------------
| Unconstrained Path Table
| ------------------------
------------------------------------------------------------------------------------------------

Path Group    From Clock    To Clock    
----------    ----------    --------    
(none)                                    


------------------------------------------------------------------------------------------------
| Timing Details
| --------------
------------------------------------------------------------------------------------------------


--------------------------------------------------------------------------------------
Path Group:  (none)
From Clock:  
  To Clock:  

Max Delay           709 Endpoints
Min Delay           709 Endpoints
--------------------------------------------------------------------------------------


Max Delay Paths
--------------------------------------------------------------------------------------
Slack:                    inf
  Source:                 fp_inst/B_exp_reg[1]/C
                            (rising edge-triggered cell FDRE)
  Destination:            fp_inst/sum_mantissa_reg[1]/CE
  Path Group:             (none)
  Path Type:              Max at Slow Process Corner
  Data Path Delay:        11.456ns  (logic 2.478ns (21.631%)  route 8.978ns (78.369%))
  Logic Levels:           8  (CARRY4=1 FDRE=1 LUT2=1 LUT5=2 LUT6=3)

    Location             Delay type                Incr(ns)  Path(ns)    Netlist Resource(s)
  -------------------------------------------------------------------    -------------------
    SLICE_X112Y88        FDRE                         0.000     0.000 r  fp_inst/B_exp_reg[1]/C
    SLICE_X112Y88        FDRE (Prop_fdre_C_Q)         0.518     0.518 r  fp_inst/B_exp_reg[1]/Q
                         net (fo=8, routed)           1.468     1.986    fp_inst/B_exp[1]
    SLICE_X111Y91        LUT2 (Prop_lut2_I0_O)        0.124     2.110 r  fp_inst/A_mantissa5_carry_i_3/O
                         net (fo=1, routed)           0.000     2.110    fp_inst/A_mantissa5_carry_i_3_n_0
    SLICE_X111Y91        CARRY4 (Prop_carry4_S[1]_O[2])
                                                      0.580     2.690 r  fp_inst/A_mantissa5_carry/O[2]
                         net (fo=80, routed)          2.744     5.433    fp_inst/A_mantissa5_carry_n_5
    SLICE_X106Y99        LUT5 (Prop_lut5_I1_O)        0.328     5.761 r  fp_inst/A_mantissa[21]_i_8/O
                         net (fo=5, routed)           0.867     6.629    fp_inst/A_mantissa[21]_i_8_n_0
    SLICE_X106Y98        LUT5 (Prop_lut5_I1_O)        0.354     6.983 r  fp_inst/A_mantissa[0]_i_3/O
                         net (fo=24, routed)          1.197     8.180    fp_inst/A_mantissa[0]_i_3_n_0
    SLICE_X108Y95        LUT6 (Prop_lut6_I5_O)        0.326     8.506 f  fp_inst/A_mantissa[24]_i_5/O
                         net (fo=5, routed)           0.652     9.159    fp_inst/A_mantissa[24]_i_5_n_0
    SLICE_X112Y90        LUT6 (Prop_lut6_I2_O)        0.124     9.283 f  fp_inst/FSM_sequential_state[2]_i_3/O
                         net (fo=3, routed)           0.725    10.008    fp_inst/FSM_sequential_state[2]_i_3_n_0
    SLICE_X110Y91        LUT6 (Prop_lut6_I0_O)        0.124    10.132 r  fp_inst/sum_mantissa[24]_i_1/O
                         net (fo=25, routed)          1.324    11.456    fp_inst/sum_mantissa0
    SLICE_X109Y87        FDRE                                         r  fp_inst/sum_mantissa_reg[1]/CE
  -------------------------------------------------------------------    -------------------

Slack:                    inf
  Source:                 start
                            (input port)
  Destination:            pwm_inst/mult_inst/FSM_onehot_stare_reg[0]/D
  Path Group:             (none)
  Path Type:              Max at Slow Process Corner
  Data Path Delay:        11.351ns  (logic 1.414ns (12.457%)  route 9.937ns (87.543%))
  Logic Levels:           4  (IBUF=1 LUT3=2 LUT6=1)

    Location             Delay type                Incr(ns)  Path(ns)    Netlist Resource(s)
  -------------------------------------------------------------------    -------------------
    M17                                               0.000     0.000 r  start (IN)
                         net (fo=0)                   0.000     0.000    start
    M17                  IBUF (Prop_ibuf_I_O)         1.042     1.042 r  start_IBUF_inst/O
                         net (fo=11, routed)          8.069     9.111    pwm_inst/mult_inst/start_IBUF
    SLICE_X1Y16          LUT3 (Prop_lut3_I2_O)        0.124     9.235 r  pwm_inst/mult_inst/FSM_onehot_stare[2]_i_3/O
                         net (fo=1, routed)           0.940    10.176    pwm_inst/mult_inst/FSM_onehot_stare[2]_i_3_n_0
    SLICE_X1Y13          LUT6 (Prop_lut6_I5_O)        0.124    10.300 r  pwm_inst/mult_inst/FSM_onehot_stare[2]_i_2/O
                         net (fo=3, routed)           0.927    11.227    pwm_inst/mult_inst/FSM_onehot_stare[2]_i_2_n_0
    SLICE_X7Y15          LUT3 (Prop_lut3_I1_O)        0.124    11.351 r  pwm_inst/mult_inst/FSM_onehot_stare[0]_i_1/O
                         net (fo=1, routed)           0.000    11.351    pwm_inst/mult_inst/FSM_onehot_stare[0]_i_1_n_0
    SLICE_X7Y15          FDPE                                         r  pwm_inst/mult_inst/FSM_onehot_stare_reg[0]/D
  -------------------------------------------------------------------    -------------------

Slack:                    inf
  Source:                 fp_inst/B_exp_reg[1]/C
                            (rising edge-triggered cell FDRE)
  Destination:            fp_inst/A_mantissa_reg[13]/D
  Path Group:             (none)
  Path Type:              Max at Slow Process Corner
  Data Path Delay:        11.222ns  (logic 2.478ns (22.081%)  route 8.744ns (77.919%))
  Logic Levels:           8  (CARRY4=1 FDRE=1 LUT2=1 LUT5=3 LUT6=2)

    Location             Delay type                Incr(ns)  Path(ns)    Netlist Resource(s)
  -------------------------------------------------------------------    -------------------
    SLICE_X112Y88        FDRE                         0.000     0.000 r  fp_inst/B_exp_reg[1]/C
    SLICE_X112Y88        FDRE (Prop_fdre_C_Q)         0.518     0.518 r  fp_inst/B_exp_reg[1]/Q
                         net (fo=8, routed)           1.468     1.986    fp_inst/B_exp[1]
    SLICE_X111Y91        LUT2 (Prop_lut2_I0_O)        0.124     2.110 r  fp_inst/A_mantissa5_carry_i_3/O
                         net (fo=1, routed)           0.000     2.110    fp_inst/A_mantissa5_carry_i_3_n_0
    SLICE_X111Y91        CARRY4 (Prop_carry4_S[1]_O[2])
                                                      0.580     2.690 r  fp_inst/A_mantissa5_carry/O[2]
                         net (fo=80, routed)          2.744     5.433    fp_inst/A_mantissa5_carry_n_5
    SLICE_X106Y99        LUT5 (Prop_lut5_I1_O)        0.328     5.761 r  fp_inst/A_mantissa[21]_i_8/O
                         net (fo=5, routed)           0.867     6.629    fp_inst/A_mantissa[21]_i_8_n_0
    SLICE_X106Y98        LUT5 (Prop_lut5_I1_O)        0.354     6.983 r  fp_inst/A_mantissa[0]_i_3/O
                         net (fo=24, routed)          1.759     8.741    fp_inst/A_mantissa[0]_i_3_n_0
    SLICE_X102Y96        LUT6 (Prop_lut6_I0_O)        0.326     9.067 f  fp_inst/A_mantissa[13]_i_6/O
                         net (fo=2, routed)           0.683     9.750    fp_inst/A_mantissa[13]_i_6_n_0
    SLICE_X102Y96        LUT5 (Prop_lut5_I0_O)        0.124     9.874 r  fp_inst/A_mantissa[13]_i_5/O
                         net (fo=1, routed)           1.224    11.098    fp_inst/A_mantissa[13]_i_5_n_0
    SLICE_X106Y96        LUT6 (Prop_lut6_I5_O)        0.124    11.222 r  fp_inst/A_mantissa[13]_i_1/O
                         net (fo=1, routed)           0.000    11.222    fp_inst/A_mantissa[13]
    SLICE_X106Y96        FDRE                                         r  fp_inst/A_mantissa_reg[13]/D
  -------------------------------------------------------------------    -------------------

Slack:                    inf
  Source:                 fp_inst/B_exp_reg[1]/C
                            (rising edge-triggered cell FDRE)
  Destination:            fp_inst/sum_mantissa_reg[3]/CE
  Path Group:             (none)
  Path Type:              Max at Slow Process Corner
  Data Path Delay:        11.119ns  (logic 2.478ns (22.285%)  route 8.641ns (77.715%))
  Logic Levels:           8  (CARRY4=1 FDRE=1 LUT2=1 LUT5=2 LUT6=3)

    Location             Delay type                Incr(ns)  Path(ns)    Netlist Resource(s)
  -------------------------------------------------------------------    -------------------
    SLICE_X112Y88        FDRE                         0.000     0.000 r  fp_inst/B_exp_reg[1]/C
    SLICE_X112Y88        FDRE (Prop_fdre_C_Q)         0.518     0.518 r  fp_inst/B_exp_reg[1]/Q
                         net (fo=8, routed)           1.468     1.986    fp_inst/B_exp[1]
    SLICE_X111Y91        LUT2 (Prop_lut2_I0_O)        0.124     2.110 r  fp_inst/A_mantissa5_carry_i_3/O
                         net (fo=1, routed)           0.000     2.110    fp_inst/A_mantissa5_carry_i_3_n_0
    SLICE_X111Y91        CARRY4 (Prop_carry4_S[1]_O[2])
                                                      0.580     2.690 r  fp_inst/A_mantissa5_carry/O[2]
                         net (fo=80, routed)          2.744     5.433    fp_inst/A_mantissa5_carry_n_5
    SLICE_X106Y99        LUT5 (Prop_lut5_I1_O)        0.328     5.761 r  fp_inst/A_mantissa[21]_i_8/O
                         net (fo=5, routed)           0.867     6.629    fp_inst/A_mantissa[21]_i_8_n_0
    SLICE_X106Y98        LUT5 (Prop_lut5_I1_O)        0.354     6.983 r  fp_inst/A_mantissa[0]_i_3/O
                         net (fo=24, routed)          1.197     8.180    fp_inst/A_mantissa[0]_i_3_n_0
    SLICE_X108Y95        LUT6 (Prop_lut6_I5_O)        0.326     8.506 f  fp_inst/A_mantissa[24]_i_5/O
                         net (fo=5, routed)           0.652     9.159    fp_inst/A_mantissa[24]_i_5_n_0
    SLICE_X112Y90        LUT6 (Prop_lut6_I2_O)        0.124     9.283 f  fp_inst/FSM_sequential_state[2]_i_3/O
                         net (fo=3, routed)           0.725    10.008    fp_inst/FSM_sequential_state[2]_i_3_n_0
    SLICE_X110Y91        LUT6 (Prop_lut6_I0_O)        0.124    10.132 r  fp_inst/sum_mantissa[24]_i_1/O
                         net (fo=25, routed)          0.987    11.119    fp_inst/sum_mantissa0
    SLICE_X110Y87        FDRE                                         r  fp_inst/sum_mantissa_reg[3]/CE
  -------------------------------------------------------------------    -------------------

Slack:                    inf
  Source:                 fp_inst/B_exp_reg[1]/C
                            (rising edge-triggered cell FDRE)
  Destination:            fp_inst/sum_mantissa_reg[4]/CE
  Path Group:             (none)
  Path Type:              Max at Slow Process Corner
  Data Path Delay:        11.119ns  (logic 2.478ns (22.285%)  route 8.641ns (77.715%))
  Logic Levels:           8  (CARRY4=1 FDRE=1 LUT2=1 LUT5=2 LUT6=3)

    Location             Delay type                Incr(ns)  Path(ns)    Netlist Resource(s)
  -------------------------------------------------------------------    -------------------
    SLICE_X112Y88        FDRE                         0.000     0.000 r  fp_inst/B_exp_reg[1]/C
    SLICE_X112Y88        FDRE (Prop_fdre_C_Q)         0.518     0.518 r  fp_inst/B_exp_reg[1]/Q
                         net (fo=8, routed)           1.468     1.986    fp_inst/B_exp[1]
    SLICE_X111Y91        LUT2 (Prop_lut2_I0_O)        0.124     2.110 r  fp_inst/A_mantissa5_carry_i_3/O
                         net (fo=1, routed)           0.000     2.110    fp_inst/A_mantissa5_carry_i_3_n_0
    SLICE_X111Y91        CARRY4 (Prop_carry4_S[1]_O[2])
                                                      0.580     2.690 r  fp_inst/A_mantissa5_carry/O[2]
                         net (fo=80, routed)          2.744     5.433    fp_inst/A_mantissa5_carry_n_5
    SLICE_X106Y99        LUT5 (Prop_lut5_I1_O)        0.328     5.761 r  fp_inst/A_mantissa[21]_i_8/O
                         net (fo=5, routed)           0.867     6.629    fp_inst/A_mantissa[21]_i_8_n_0
    SLICE_X106Y98        LUT5 (Prop_lut5_I1_O)        0.354     6.983 r  fp_inst/A_mantissa[0]_i_3/O
                         net (fo=24, routed)          1.197     8.180    fp_inst/A_mantissa[0]_i_3_n_0
    SLICE_X108Y95        LUT6 (Prop_lut6_I5_O)        0.326     8.506 f  fp_inst/A_mantissa[24]_i_5/O
                         net (fo=5, routed)           0.652     9.159    fp_inst/A_mantissa[24]_i_5_n_0
    SLICE_X112Y90        LUT6 (Prop_lut6_I2_O)        0.124     9.283 f  fp_inst/FSM_sequential_state[2]_i_3/O
                         net (fo=3, routed)           0.725    10.008    fp_inst/FSM_sequential_state[2]_i_3_n_0
    SLICE_X110Y91        LUT6 (Prop_lut6_I0_O)        0.124    10.132 r  fp_inst/sum_mantissa[24]_i_1/O
                         net (fo=25, routed)          0.987    11.119    fp_inst/sum_mantissa0
    SLICE_X111Y87        FDRE                                         r  fp_inst/sum_mantissa_reg[4]/CE
  -------------------------------------------------------------------    -------------------

Slack:                    inf
  Source:                 fp_inst/B_exp_reg[1]/C
                            (rising edge-triggered cell FDRE)
  Destination:            fp_inst/sum_mantissa_reg[6]/CE
  Path Group:             (none)
  Path Type:              Max at Slow Process Corner
  Data Path Delay:        11.119ns  (logic 2.478ns (22.285%)  route 8.641ns (77.715%))
  Logic Levels:           8  (CARRY4=1 FDRE=1 LUT2=1 LUT5=2 LUT6=3)

    Location             Delay type                Incr(ns)  Path(ns)    Netlist Resource(s)
  -------------------------------------------------------------------    -------------------
    SLICE_X112Y88        FDRE                         0.000     0.000 r  fp_inst/B_exp_reg[1]/C
    SLICE_X112Y88        FDRE (Prop_fdre_C_Q)         0.518     0.518 r  fp_inst/B_exp_reg[1]/Q
                         net (fo=8, routed)           1.468     1.986    fp_inst/B_exp[1]
    SLICE_X111Y91        LUT2 (Prop_lut2_I0_O)        0.124     2.110 r  fp_inst/A_mantissa5_carry_i_3/O
                         net (fo=1, routed)           0.000     2.110    fp_inst/A_mantissa5_carry_i_3_n_0
    SLICE_X111Y91        CARRY4 (Prop_carry4_S[1]_O[2])
                                                      0.580     2.690 r  fp_inst/A_mantissa5_carry/O[2]
                         net (fo=80, routed)          2.744     5.433    fp_inst/A_mantissa5_carry_n_5
    SLICE_X106Y99        LUT5 (Prop_lut5_I1_O)        0.328     5.761 r  fp_inst/A_mantissa[21]_i_8/O
                         net (fo=5, routed)           0.867     6.629    fp_inst/A_mantissa[21]_i_8_n_0
    SLICE_X106Y98        LUT5 (Prop_lut5_I1_O)        0.354     6.983 r  fp_inst/A_mantissa[0]_i_3/O
                         net (fo=24, routed)          1.197     8.180    fp_inst/A_mantissa[0]_i_3_n_0
    SLICE_X108Y95        LUT6 (Prop_lut6_I5_O)        0.326     8.506 f  fp_inst/A_mantissa[24]_i_5/O
                         net (fo=5, routed)           0.652     9.159    fp_inst/A_mantissa[24]_i_5_n_0
    SLICE_X112Y90        LUT6 (Prop_lut6_I2_O)        0.124     9.283 f  fp_inst/FSM_sequential_state[2]_i_3/O
                         net (fo=3, routed)           0.725    10.008    fp_inst/FSM_sequential_state[2]_i_3_n_0
    SLICE_X110Y91        LUT6 (Prop_lut6_I0_O)        0.124    10.132 r  fp_inst/sum_mantissa[24]_i_1/O
                         net (fo=25, routed)          0.987    11.119    fp_inst/sum_mantissa0
    SLICE_X111Y87        FDRE                                         r  fp_inst/sum_mantissa_reg[6]/CE
  -------------------------------------------------------------------    -------------------

Slack:                    inf
  Source:                 start
                            (input port)
  Destination:            pwm_inst/mult_inst/FSM_onehot_stare_reg[1]/D
  Path Group:             (none)
  Path Type:              Max at Slow Process Corner
  Data Path Delay:        11.114ns  (logic 1.414ns (12.723%)  route 9.700ns (87.277%))
  Logic Levels:           4  (IBUF=1 LUT3=2 LUT6=1)

    Location             Delay type                Incr(ns)  Path(ns)    Netlist Resource(s)
  -------------------------------------------------------------------    -------------------
    M17                                               0.000     0.000 r  start (IN)
                         net (fo=0)                   0.000     0.000    start
    M17                  IBUF (Prop_ibuf_I_O)         1.042     1.042 r  start_IBUF_inst/O
                         net (fo=11, routed)          8.069     9.111    pwm_inst/mult_inst/start_IBUF
    SLICE_X1Y16          LUT3 (Prop_lut3_I2_O)        0.124     9.235 r  pwm_inst/mult_inst/FSM_onehot_stare[2]_i_3/O
                         net (fo=1, routed)           0.940    10.176    pwm_inst/mult_inst/FSM_onehot_stare[2]_i_3_n_0
    SLICE_X1Y13          LUT6 (Prop_lut6_I5_O)        0.124    10.300 r  pwm_inst/mult_inst/FSM_onehot_stare[2]_i_2/O
                         net (fo=3, routed)           0.690    10.990    pwm_inst/mult_inst/FSM_onehot_stare[2]_i_2_n_0
    SLICE_X7Y15          LUT3 (Prop_lut3_I1_O)        0.124    11.114 r  pwm_inst/mult_inst/FSM_onehot_stare[1]_i_1/O
                         net (fo=1, routed)           0.000    11.114    pwm_inst/mult_inst/FSM_onehot_stare[1]_i_1_n_0
    SLICE_X7Y15          FDCE                                         r  pwm_inst/mult_inst/FSM_onehot_stare_reg[1]/D
  -------------------------------------------------------------------    -------------------

Slack:                    inf
  Source:                 start
                            (input port)
  Destination:            pwm_inst/mult_inst/FSM_onehot_stare_reg[2]/D
  Path Group:             (none)
  Path Type:              Max at Slow Process Corner
  Data Path Delay:        11.108ns  (logic 1.408ns (12.676%)  route 9.700ns (87.324%))
  Logic Levels:           4  (IBUF=1 LUT3=2 LUT6=1)

    Location             Delay type                Incr(ns)  Path(ns)    Netlist Resource(s)
  -------------------------------------------------------------------    -------------------
    M17                                               0.000     0.000 r  start (IN)
                         net (fo=0)                   0.000     0.000    start
    M17                  IBUF (Prop_ibuf_I_O)         1.042     1.042 r  start_IBUF_inst/O
                         net (fo=11, routed)          8.069     9.111    pwm_inst/mult_inst/start_IBUF
    SLICE_X1Y16          LUT3 (Prop_lut3_I2_O)        0.124     9.235 r  pwm_inst/mult_inst/FSM_onehot_stare[2]_i_3/O
                         net (fo=1, routed)           0.940    10.176    pwm_inst/mult_inst/FSM_onehot_stare[2]_i_3_n_0
    SLICE_X1Y13          LUT6 (Prop_lut6_I5_O)        0.124    10.300 r  pwm_inst/mult_inst/FSM_onehot_stare[2]_i_2/O
                         net (fo=3, routed)           0.690    10.990    pwm_inst/mult_inst/FSM_onehot_stare[2]_i_2_n_0
    SLICE_X7Y15          LUT3 (Prop_lut3_I1_O)        0.118    11.108 r  pwm_inst/mult_inst/FSM_onehot_stare[2]_i_1/O
                         net (fo=1, routed)           0.000    11.108    pwm_inst/mult_inst/FSM_onehot_stare[2]_i_1_n_0
    SLICE_X7Y15          FDCE                                         r  pwm_inst/mult_inst/FSM_onehot_stare_reg[2]/D
  -------------------------------------------------------------------    -------------------

Slack:                    inf
  Source:                 fp_inst/B_exp_reg[1]/C
                            (rising edge-triggered cell FDRE)
  Destination:            fp_inst/sum_mantissa_reg[11]/CE
  Path Group:             (none)
  Path Type:              Max at Slow Process Corner
  Data Path Delay:        10.970ns  (logic 2.478ns (22.590%)  route 8.492ns (77.410%))
  Logic Levels:           8  (CARRY4=1 FDRE=1 LUT2=1 LUT5=2 LUT6=3)

    Location             Delay type                Incr(ns)  Path(ns)    Netlist Resource(s)
  -------------------------------------------------------------------    -------------------
    SLICE_X112Y88        FDRE                         0.000     0.000 r  fp_inst/B_exp_reg[1]/C
    SLICE_X112Y88        FDRE (Prop_fdre_C_Q)         0.518     0.518 r  fp_inst/B_exp_reg[1]/Q
                         net (fo=8, routed)           1.468     1.986    fp_inst/B_exp[1]
    SLICE_X111Y91        LUT2 (Prop_lut2_I0_O)        0.124     2.110 r  fp_inst/A_mantissa5_carry_i_3/O
                         net (fo=1, routed)           0.000     2.110    fp_inst/A_mantissa5_carry_i_3_n_0
    SLICE_X111Y91        CARRY4 (Prop_carry4_S[1]_O[2])
                                                      0.580     2.690 r  fp_inst/A_mantissa5_carry/O[2]
                         net (fo=80, routed)          2.744     5.433    fp_inst/A_mantissa5_carry_n_5
    SLICE_X106Y99        LUT5 (Prop_lut5_I1_O)        0.328     5.761 r  fp_inst/A_mantissa[21]_i_8/O
                         net (fo=5, routed)           0.867     6.629    fp_inst/A_mantissa[21]_i_8_n_0
    SLICE_X106Y98        LUT5 (Prop_lut5_I1_O)        0.354     6.983 r  fp_inst/A_mantissa[0]_i_3/O
                         net (fo=24, routed)          1.197     8.180    fp_inst/A_mantissa[0]_i_3_n_0
    SLICE_X108Y95        LUT6 (Prop_lut6_I5_O)        0.326     8.506 f  fp_inst/A_mantissa[24]_i_5/O
                         net (fo=5, routed)           0.652     9.159    fp_inst/A_mantissa[24]_i_5_n_0
    SLICE_X112Y90        LUT6 (Prop_lut6_I2_O)        0.124     9.283 f  fp_inst/FSM_sequential_state[2]_i_3/O
                         net (fo=3, routed)           0.725    10.008    fp_inst/FSM_sequential_state[2]_i_3_n_0
    SLICE_X110Y91        LUT6 (Prop_lut6_I0_O)        0.124    10.132 r  fp_inst/sum_mantissa[24]_i_1/O
                         net (fo=25, routed)          0.838    10.970    fp_inst/sum_mantissa0
    SLICE_X107Y88        FDRE                                         r  fp_inst/sum_mantissa_reg[11]/CE
  -------------------------------------------------------------------    -------------------

Slack:                    inf
  Source:                 fp_inst/B_exp_reg[1]/C
                            (rising edge-triggered cell FDRE)
  Destination:            fp_inst/sum_mantissa_reg[9]/CE
  Path Group:             (none)
  Path Type:              Max at Slow Process Corner
  Data Path Delay:        10.970ns  (logic 2.478ns (22.590%)  route 8.492ns (77.410%))
  Logic Levels:           8  (CARRY4=1 FDRE=1 LUT2=1 LUT5=2 LUT6=3)

    Location             Delay type                Incr(ns)  Path(ns)    Netlist Resource(s)
  -------------------------------------------------------------------    -------------------
    SLICE_X112Y88        FDRE                         0.000     0.000 r  fp_inst/B_exp_reg[1]/C
    SLICE_X112Y88        FDRE (Prop_fdre_C_Q)         0.518     0.518 r  fp_inst/B_exp_reg[1]/Q
                         net (fo=8, routed)           1.468     1.986    fp_inst/B_exp[1]
    SLICE_X111Y91        LUT2 (Prop_lut2_I0_O)        0.124     2.110 r  fp_inst/A_mantissa5_carry_i_3/O
                         net (fo=1, routed)           0.000     2.110    fp_inst/A_mantissa5_carry_i_3_n_0
    SLICE_X111Y91        CARRY4 (Prop_carry4_S[1]_O[2])
                                                      0.580     2.690 r  fp_inst/A_mantissa5_carry/O[2]
                         net (fo=80, routed)          2.744     5.433    fp_inst/A_mantissa5_carry_n_5
    SLICE_X106Y99        LUT5 (Prop_lut5_I1_O)        0.328     5.761 r  fp_inst/A_mantissa[21]_i_8/O
                         net (fo=5, routed)           0.867     6.629    fp_inst/A_mantissa[21]_i_8_n_0
    SLICE_X106Y98        LUT5 (Prop_lut5_I1_O)        0.354     6.983 r  fp_inst/A_mantissa[0]_i_3/O
                         net (fo=24, routed)          1.197     8.180    fp_inst/A_mantissa[0]_i_3_n_0
    SLICE_X108Y95        LUT6 (Prop_lut6_I5_O)        0.326     8.506 f  fp_inst/A_mantissa[24]_i_5/O
                         net (fo=5, routed)           0.652     9.159    fp_inst/A_mantissa[24]_i_5_n_0
    SLICE_X112Y90        LUT6 (Prop_lut6_I2_O)        0.124     9.283 f  fp_inst/FSM_sequential_state[2]_i_3/O
                         net (fo=3, routed)           0.725    10.008    fp_inst/FSM_sequential_state[2]_i_3_n_0
    SLICE_X110Y91        LUT6 (Prop_lut6_I0_O)        0.124    10.132 r  fp_inst/sum_mantissa[24]_i_1/O
                         net (fo=25, routed)          0.838    10.970    fp_inst/sum_mantissa0
    SLICE_X107Y88        FDRE                                         r  fp_inst/sum_mantissa_reg[9]/CE
  -------------------------------------------------------------------    -------------------





Min Delay Paths
--------------------------------------------------------------------------------------
Slack:                    inf
  Source:                 pwm_inst/div_inst/R_reg[4]/C
                            (rising edge-triggered cell FDCE)
  Destination:            pwm_inst/div_inst/quotient_reg[4]/D
  Path Group:             (none)
  Path Type:              Min at Fast Process Corner
  Data Path Delay:        0.260ns  (logic 0.141ns (54.222%)  route 0.119ns (45.778%))
  Logic Levels:           1  (FDCE=1)

    Location             Delay type                Incr(ns)  Path(ns)    Netlist Resource(s)
  -------------------------------------------------------------------    -------------------
    SLICE_X1Y17          FDCE                         0.000     0.000 r  pwm_inst/div_inst/R_reg[4]/C
    SLICE_X1Y17          FDCE (Prop_fdce_C_Q)         0.141     0.141 r  pwm_inst/div_inst/R_reg[4]/Q
                         net (fo=2, routed)           0.119     0.260    pwm_inst/div_inst/p_1_in[5]
    SLICE_X0Y17          FDRE                                         r  pwm_inst/div_inst/quotient_reg[4]/D
  -------------------------------------------------------------------    -------------------

Slack:                    inf
  Source:                 pwm_inst/mult_inst/produs_reg[16]/C
                            (rising edge-triggered cell FDCE)
  Destination:            pwm_inst/mult_inst/rezultat_reg[16]/D
  Path Group:             (none)
  Path Type:              Min at Fast Process Corner
  Data Path Delay:        0.261ns  (logic 0.128ns (49.003%)  route 0.133ns (50.997%))
  Logic Levels:           1  (FDCE=1)

    Location             Delay type                Incr(ns)  Path(ns)    Netlist Resource(s)
  -------------------------------------------------------------------    -------------------
    SLICE_X3Y15          FDCE                         0.000     0.000 r  pwm_inst/mult_inst/produs_reg[16]/C
    SLICE_X3Y15          FDCE (Prop_fdce_C_Q)         0.128     0.128 r  pwm_inst/mult_inst/produs_reg[16]/Q
                         net (fo=3, routed)           0.133     0.261    pwm_inst/mult_inst/produs[16]
    SLICE_X5Y16          FDRE                                         r  pwm_inst/mult_inst/rezultat_reg[16]/D
  -------------------------------------------------------------------    -------------------

Slack:                    inf
  Source:                 pwm_inst/mult_inst/produs_reg[18]/C
                            (rising edge-triggered cell FDCE)
  Destination:            pwm_inst/mult_inst/rezultat_reg[18]/D
  Path Group:             (none)
  Path Type:              Min at Fast Process Corner
  Data Path Delay:        0.261ns  (logic 0.128ns (48.960%)  route 0.133ns (51.040%))
  Logic Levels:           1  (FDCE=1)

    Location             Delay type                Incr(ns)  Path(ns)    Netlist Resource(s)
  -------------------------------------------------------------------    -------------------
    SLICE_X3Y17          FDCE                         0.000     0.000 r  pwm_inst/mult_inst/produs_reg[18]/C
    SLICE_X3Y17          FDCE (Prop_fdce_C_Q)         0.128     0.128 r  pwm_inst/mult_inst/produs_reg[18]/Q
                         net (fo=3, routed)           0.133     0.261    pwm_inst/mult_inst/produs[18]
    SLICE_X5Y16          FDRE                                         r  pwm_inst/mult_inst/rezultat_reg[18]/D
  -------------------------------------------------------------------    -------------------

Slack:                    inf
  Source:                 pwm_inst/div_inst/R_reg[7]/C
                            (rising edge-triggered cell FDCE)
  Destination:            pwm_inst/div_inst/quotient_reg[7]/D
  Path Group:             (none)
  Path Type:              Min at Fast Process Corner
  Data Path Delay:        0.265ns  (logic 0.141ns (53.167%)  route 0.124ns (46.833%))
  Logic Levels:           1  (FDCE=1)

    Location             Delay type                Incr(ns)  Path(ns)    Netlist Resource(s)
  -------------------------------------------------------------------    -------------------
    SLICE_X1Y17          FDCE                         0.000     0.000 r  pwm_inst/div_inst/R_reg[7]/C
    SLICE_X1Y17          FDCE (Prop_fdce_C_Q)         0.141     0.141 r  pwm_inst/div_inst/R_reg[7]/Q
                         net (fo=2, routed)           0.124     0.265    pwm_inst/div_inst/p_1_in[8]
    SLICE_X0Y17          FDRE                                         r  pwm_inst/div_inst/quotient_reg[7]/D
  -------------------------------------------------------------------    -------------------

Slack:                    inf
  Source:                 pwm_inst/mult_inst/produs_reg[19]/C
                            (rising edge-triggered cell FDCE)
  Destination:            pwm_inst/mult_inst/rezultat_reg[19]/D
  Path Group:             (none)
  Path Type:              Min at Fast Process Corner
  Data Path Delay:        0.266ns  (logic 0.141ns (52.990%)  route 0.125ns (47.010%))
  Logic Levels:           1  (FDCE=1)

    Location             Delay type                Incr(ns)  Path(ns)    Netlist Resource(s)
  -------------------------------------------------------------------    -------------------
    SLICE_X3Y17          FDCE                         0.000     0.000 r  pwm_inst/mult_inst/produs_reg[19]/C
    SLICE_X3Y17          FDCE (Prop_fdce_C_Q)         0.141     0.141 r  pwm_inst/mult_inst/produs_reg[19]/Q
                         net (fo=3, routed)           0.125     0.266    pwm_inst/mult_inst/produs[19]
    SLICE_X5Y16          FDRE                                         r  pwm_inst/mult_inst/rezultat_reg[19]/D
  -------------------------------------------------------------------    -------------------

Slack:                    inf
  Source:                 pwm_inst/mult_inst/produs_reg[21]/C
                            (rising edge-triggered cell FDCE)
  Destination:            pwm_inst/mult_inst/rezultat_reg[21]/D
  Path Group:             (none)
  Path Type:              Min at Fast Process Corner
  Data Path Delay:        0.266ns  (logic 0.141ns (52.990%)  route 0.125ns (47.010%))
  Logic Levels:           1  (FDCE=1)

    Location             Delay type                Incr(ns)  Path(ns)    Netlist Resource(s)
  -------------------------------------------------------------------    -------------------
    SLICE_X3Y17          FDCE                         0.000     0.000 r  pwm_inst/mult_inst/produs_reg[21]/C
    SLICE_X3Y17          FDCE (Prop_fdce_C_Q)         0.141     0.141 r  pwm_inst/mult_inst/produs_reg[21]/Q
                         net (fo=3, routed)           0.125     0.266    pwm_inst/mult_inst/produs[21]
    SLICE_X4Y17          FDRE                                         r  pwm_inst/mult_inst/rezultat_reg[21]/D
  -------------------------------------------------------------------    -------------------

Slack:                    inf
  Source:                 pwm_inst/mult_inst/produs_reg[11]/C
                            (rising edge-triggered cell FDCE)
  Destination:            pwm_inst/mult_inst/rezultat_reg[11]/D
  Path Group:             (none)
  Path Type:              Min at Fast Process Corner
  Data Path Delay:        0.267ns  (logic 0.141ns (52.825%)  route 0.126ns (47.175%))
  Logic Levels:           1  (FDCE=1)

    Location             Delay type                Incr(ns)  Path(ns)    Netlist Resource(s)
  -------------------------------------------------------------------    -------------------
    SLICE_X3Y15          FDCE                         0.000     0.000 r  pwm_inst/mult_inst/produs_reg[11]/C
    SLICE_X3Y15          FDCE (Prop_fdce_C_Q)         0.141     0.141 r  pwm_inst/mult_inst/produs_reg[11]/Q
                         net (fo=3, routed)           0.126     0.267    pwm_inst/mult_inst/produs[11]
    SLICE_X4Y15          FDRE                                         r  pwm_inst/mult_inst/rezultat_reg[11]/D
  -------------------------------------------------------------------    -------------------

Slack:                    inf
  Source:                 pwm_inst/div_inst/R_reg[5]/C
                            (rising edge-triggered cell FDCE)
  Destination:            pwm_inst/div_inst/quotient_reg[5]/D
  Path Group:             (none)
  Path Type:              Min at Fast Process Corner
  Data Path Delay:        0.269ns  (logic 0.141ns (52.485%)  route 0.128ns (47.515%))
  Logic Levels:           1  (FDCE=1)

    Location             Delay type                Incr(ns)  Path(ns)    Netlist Resource(s)
  -------------------------------------------------------------------    -------------------
    SLICE_X1Y17          FDCE                         0.000     0.000 r  pwm_inst/div_inst/R_reg[5]/C
    SLICE_X1Y17          FDCE (Prop_fdce_C_Q)         0.141     0.141 r  pwm_inst/div_inst/R_reg[5]/Q
                         net (fo=2, routed)           0.128     0.269    pwm_inst/div_inst/p_1_in[6]
    SLICE_X0Y17          FDRE                                         r  pwm_inst/div_inst/quotient_reg[5]/D
  -------------------------------------------------------------------    -------------------

Slack:                    inf
  Source:                 pwm_inst/mult_inst/multiplicator_reg[7]/C
                            (rising edge-triggered cell FDCE)
  Destination:            pwm_inst/mult_inst/multiplicator_reg[6]/D
  Path Group:             (none)
  Path Type:              Min at Fast Process Corner
  Data Path Delay:        0.296ns  (logic 0.213ns (71.934%)  route 0.083ns (28.066%))
  Logic Levels:           2  (FDCE=1 LUT3=1)

    Location             Delay type                Incr(ns)  Path(ns)    Netlist Resource(s)
  -------------------------------------------------------------------    -------------------
    SLICE_X0Y14          FDCE                         0.000     0.000 r  pwm_inst/mult_inst/multiplicator_reg[7]/C
    SLICE_X0Y14          FDCE (Prop_fdce_C_Q)         0.164     0.164 r  pwm_inst/mult_inst/multiplicator_reg[7]/Q
                         net (fo=1, routed)           0.083     0.247    pwm_inst/mult_inst/multiplicator[7]
    SLICE_X1Y14          LUT3 (Prop_lut3_I1_O)        0.049     0.296 r  pwm_inst/mult_inst/multiplicator[6]_i_1/O
                         net (fo=1, routed)           0.000     0.296    pwm_inst/mult_inst/multiplicator[6]_i_1_n_0
    SLICE_X1Y14          FDCE                                         r  pwm_inst/mult_inst/multiplicator_reg[6]/D
  -------------------------------------------------------------------    -------------------

Slack:                    inf
  Source:                 pwm_inst/div_inst/R_reg[4]/C
                            (rising edge-triggered cell FDCE)
  Destination:            pwm_inst/div_inst/R_reg[5]/D
  Path Group:             (none)
  Path Type:              Min at Fast Process Corner
  Data Path Delay:        0.299ns  (logic 0.186ns (62.199%)  route 0.113ns (37.801%))
  Logic Levels:           2  (FDCE=1 LUT4=1)

    Location             Delay type                Incr(ns)  Path(ns)    Netlist Resource(s)
  -------------------------------------------------------------------    -------------------
    SLICE_X1Y17          FDCE                         0.000     0.000 r  pwm_inst/div_inst/R_reg[4]/C
    SLICE_X1Y17          FDCE (Prop_fdce_C_Q)         0.141     0.141 r  pwm_inst/div_inst/R_reg[4]/Q
                         net (fo=2, routed)           0.113     0.254    pwm_inst/div_inst/p_1_in[5]
    SLICE_X1Y17          LUT4 (Prop_lut4_I0_O)        0.045     0.299 r  pwm_inst/div_inst/R[5]_i_1/O
                         net (fo=1, routed)           0.000     0.299    pwm_inst/div_inst/R[5]_i_1_n_0
    SLICE_X1Y17          FDCE                                         r  pwm_inst/div_inst/R_reg[5]/D
  -------------------------------------------------------------------    -------------------





